"Credential Manager credentials were read.

Subject:
	Security ID:		S-1-5-21-3073522288-1489926022-2671101856-1001
	Account Name:		Taral
	Account Domain:		DESKTOP-P2LJSMT
	Logon ID:		0x96F7A
	Read Operation:		Enumerate Credentials

This event occurs when a user performs a read operation on stored credentials in Credential Manager.","5379","0",,"0","13824","0","-9214364837600034816","703676","Microsoft-Windows-Security-Auditing","54849625-5478-4994-a5ba-3e3b0328c30d","Security","1120","11164","DESKTOP-P2LJSMT",,"27-12-2024 06:43:44","5eb8269d-3c6a-0002-4639-b85e6a3cdb01",,"Security","System.UInt32[]","System.Diagnostics.Eventing.Reader.EventBookmark","Information","Info","User Account Management","System.Collections.ObjectModel.ReadOnlyCollection`1[System.String]","System.Collections.Generic.List`1[System.Diagnostics.Eventing.Reader.EventProperty]"
"Credential Manager credentials were read.

Subject:
	Security ID:		S-1-5-21-3073522288-1489926022-2671101856-1001
	Account Name:		Taral
	Account Domain:		DESKTOP-P2LJSMT
	Logon ID:		0x96F7A
	Read Operation:		Enumerate Credentials

This event occurs when a user performs a read operation on stored credentials in Credential Manager.","5379","0",,"0","13824","0","-9214364837600034816","703675","Microsoft-Windows-Security-Auditing","54849625-5478-4994-a5ba-3e3b0328c30d","Security","1120","11164","DESKTOP-P2LJSMT",,"27-12-2024 06:43:44","5eb8269d-3c6a-0002-4639-b85e6a3cdb01",,"Security","System.UInt32[]","System.Diagnostics.Eventing.Reader.EventBookmark","Information","Info","User Account Management","System.Collections.ObjectModel.ReadOnlyCollection`1[System.String]","System.Collections.Generic.List`1[System.Diagnostics.Eventing.Reader.EventProperty]"
"Vault credentials were read.

Subject:
	Security ID:		S-1-5-18
	Account Name:		DESKTOP-P2LJSMT$
	Account Domain:		WORKGROUP
	Logon ID:		0x3E7

This event occurs when a user reads a stored vault credential.","5382","0",,"0","13824","0","-9214364837600034816","703674","Microsoft-Windows-Security-Auditing","54849625-5478-4994-a5ba-3e3b0328c30d","Security","1120","11164","DESKTOP-P2LJSMT",,"27-12-2024 06:43:44",,,"Security","System.UInt32[]","System.Diagnostics.Eventing.Reader.EventBookmark","Information","Info","User Account Management","System.Collections.ObjectModel.ReadOnlyCollection`1[System.String]","System.Collections.Generic.List`1[System.Diagnostics.Eventing.Reader.EventProperty]"
"Credential Manager credentials were read.

Subject:
	Security ID:		S-1-5-21-3073522288-1489926022-2671101856-1001
	Account Name:		Taral
	Account Domain:		DESKTOP-P2LJSMT
	Logon ID:		0x96F7A
	Read Operation:		Enumerate Credentials

This event occurs when a user performs a read operation on stored credentials in Credential Manager.","5379","0",,"0","13824","0","-9214364837600034816","703673","Microsoft-Windows-Security-Auditing","54849625-5478-4994-a5ba-3e3b0328c30d","Security","1120","11164","DESKTOP-P2LJSMT",,"27-12-2024 06:43:44","5eb8269d-3c6a-0002-4639-b85e6a3cdb01",,"Security","System.UInt32[]","System.Diagnostics.Eventing.Reader.EventBookmark","Information","Info","User Account Management","System.Collections.ObjectModel.ReadOnlyCollection`1[System.String]","System.Collections.Generic.List`1[System.Diagnostics.Eventing.Reader.EventProperty]"
"Credential Manager credentials were read.

Subject:
	Security ID:		S-1-5-21-3073522288-1489926022-2671101856-1001
	Account Name:		Taral
	Account Domain:		DESKTOP-P2LJSMT
	Logon ID:		0x96F7A
	Read Operation:		Enumerate Credentials

This event occurs when a user performs a read operation on stored credentials in Credential Manager.","5379","0",,"0","13824","0","-9214364837600034816","703672","Microsoft-Windows-Security-Auditing","54849625-5478-4994-a5ba-3e3b0328c30d","Security","1120","11164","DESKTOP-P2LJSMT",,"27-12-2024 06:43:44","5eb8269d-3c6a-0002-4639-b85e6a3cdb01",,"Security","System.UInt32[]","System.Diagnostics.Eventing.Reader.EventBookmark","Information","Info","User Account Management","System.Collections.ObjectModel.ReadOnlyCollection`1[System.String]","System.Collections.Generic.List`1[System.Diagnostics.Eventing.Reader.EventProperty]"
"Credential Manager credentials were read.

Subject:
	Security ID:		S-1-5-21-3073522288-1489926022-2671101856-1001
	Account Name:		Taral
	Account Domain:		DESKTOP-P2LJSMT
	Logon ID:		0x96F7A
	Read Operation:		Enumerate Credentials

This event occurs when a user performs a read operation on stored credentials in Credential Manager.","5379","0",,"0","13824","0","-9214364837600034816","703671","Microsoft-Windows-Security-Auditing","54849625-5478-4994-a5ba-3e3b0328c30d","Security","1120","11164","DESKTOP-P2LJSMT",,"27-12-2024 06:43:44","5eb8269d-3c6a-0002-4639-b85e6a3cdb01",,"Security","System.UInt32[]","System.Diagnostics.Eventing.Reader.EventBookmark","Information","Info","User Account Management","System.Collections.ObjectModel.ReadOnlyCollection`1[System.String]","System.Collections.Generic.List`1[System.Diagnostics.Eventing.Reader.EventProperty]"
"Credential Manager credentials were read.

Subject:
	Security ID:		S-1-5-21-3073522288-1489926022-2671101856-1001
	Account Name:		Taral
	Account Domain:		DESKTOP-P2LJSMT
	Logon ID:		0x96F7A
	Read Operation:		Enumerate Credentials

This event occurs when a user performs a read operation on stored credentials in Credential Manager.","5379","0",,"0","13824","0","-9214364837600034816","703670","Microsoft-Windows-Security-Auditing","54849625-5478-4994-a5ba-3e3b0328c30d","Security","1120","11164","DESKTOP-P2LJSMT",,"27-12-2024 06:43:44","5eb8269d-3c6a-0002-4639-b85e6a3cdb01",,"Security","System.UInt32[]","System.Diagnostics.Eventing.Reader.EventBookmark","Information","Info","User Account Management","System.Collections.ObjectModel.ReadOnlyCollection`1[System.String]","System.Collections.Generic.List`1[System.Diagnostics.Eventing.Reader.EventProperty]"
"Credential Manager credentials were read.

Subject:
	Security ID:		S-1-5-21-3073522288-1489926022-2671101856-1001
	Account Name:		Taral
	Account Domain:		DESKTOP-P2LJSMT
	Logon ID:		0x96F7A
	Read Operation:		Enumerate Credentials

This event occurs when a user performs a read operation on stored credentials in Credential Manager.","5379","0",,"0","13824","0","-9214364837600034816","703669","Microsoft-Windows-Security-Auditing","54849625-5478-4994-a5ba-3e3b0328c30d","Security","1120","32580","DESKTOP-P2LJSMT",,"27-12-2024 06:43:43","5eb8269d-3c6a-0002-4639-b85e6a3cdb01",,"Security","System.UInt32[]","System.Diagnostics.Eventing.Reader.EventBookmark","Information","Info","User Account Management","System.Collections.ObjectModel.ReadOnlyCollection`1[System.String]","System.Collections.Generic.List`1[System.Diagnostics.Eventing.Reader.EventProperty]"
"Credential Manager credentials were read.

Subject:
	Security ID:		S-1-5-21-3073522288-1489926022-2671101856-1001
	Account Name:		Taral
	Account Domain:		DESKTOP-P2LJSMT
	Logon ID:		0x96F7A
	Read Operation:		Enumerate Credentials

This event occurs when a user performs a read operation on stored credentials in Credential Manager.","5379","0",,"0","13824","0","-9214364837600034816","703668","Microsoft-Windows-Security-Auditing","54849625-5478-4994-a5ba-3e3b0328c30d","Security","1120","32580","DESKTOP-P2LJSMT",,"27-12-2024 06:43:43","5eb8269d-3c6a-0002-4639-b85e6a3cdb01",,"Security","System.UInt32[]","System.Diagnostics.Eventing.Reader.EventBookmark","Information","Info","User Account Management","System.Collections.ObjectModel.ReadOnlyCollection`1[System.String]","System.Collections.Generic.List`1[System.Diagnostics.Eventing.Reader.EventProperty]"
"Credential Manager credentials were read.

Subject:
	Security ID:		S-1-5-21-3073522288-1489926022-2671101856-1001
	Account Name:		Taral
	Account Domain:		DESKTOP-P2LJSMT
	Logon ID:		0x96F7A
	Read Operation:		Enumerate Credentials

This event occurs when a user performs a read operation on stored credentials in Credential Manager.","5379","0",,"0","13824","0","-9214364837600034816","703667","Microsoft-Windows-Security-Auditing","54849625-5478-4994-a5ba-3e3b0328c30d","Security","1120","32580","DESKTOP-P2LJSMT",,"27-12-2024 06:43:43","5eb8269d-3c6a-0002-4639-b85e6a3cdb01",,"Security","System.UInt32[]","System.Diagnostics.Eventing.Reader.EventBookmark","Information","Info","User Account Management","System.Collections.ObjectModel.ReadOnlyCollection`1[System.String]","System.Collections.Generic.List`1[System.Diagnostics.Eventing.Reader.EventProperty]"
"Credential Manager credentials were read.

Subject:
	Security ID:		S-1-5-21-3073522288-1489926022-2671101856-1001
	Account Name:		Taral
	Account Domain:		DESKTOP-P2LJSMT
	Logon ID:		0x96F7A
	Read Operation:		Enumerate Credentials

This event occurs when a user performs a read operation on stored credentials in Credential Manager.","5379","0",,"0","13824","0","-9214364837600034816","703666","Microsoft-Windows-Security-Auditing","54849625-5478-4994-a5ba-3e3b0328c30d","Security","1120","32580","DESKTOP-P2LJSMT",,"27-12-2024 06:43:43","5eb8269d-3c6a-0002-4639-b85e6a3cdb01",,"Security","System.UInt32[]","System.Diagnostics.Eventing.Reader.EventBookmark","Information","Info","User Account Management","System.Collections.ObjectModel.ReadOnlyCollection`1[System.String]","System.Collections.Generic.List`1[System.Diagnostics.Eventing.Reader.EventProperty]"
"Credential Manager credentials were read.

Subject:
	Security ID:		S-1-5-21-3073522288-1489926022-2671101856-1001
	Account Name:		Taral
	Account Domain:		DESKTOP-P2LJSMT
	Logon ID:		0x96F7A
	Read Operation:		Enumerate Credentials

This event occurs when a user performs a read operation on stored credentials in Credential Manager.","5379","0",,"0","13824","0","-9214364837600034816","703665","Microsoft-Windows-Security-Auditing","54849625-5478-4994-a5ba-3e3b0328c30d","Security","1120","1236","DESKTOP-P2LJSMT",,"27-12-2024 06:43:43","5eb8269d-3c6a-0002-4639-b85e6a3cdb01",,"Security","System.UInt32[]","System.Diagnostics.Eventing.Reader.EventBookmark","Information","Info","User Account Management","System.Collections.ObjectModel.ReadOnlyCollection`1[System.String]","System.Collections.Generic.List`1[System.Diagnostics.Eventing.Reader.EventProperty]"
"Credential Manager credentials were read.

Subject:
	Security ID:		S-1-5-21-3073522288-1489926022-2671101856-1001
	Account Name:		Taral
	Account Domain:		DESKTOP-P2LJSMT
	Logon ID:		0x96F7A
	Read Operation:		Enumerate Credentials

This event occurs when a user performs a read operation on stored credentials in Credential Manager.","5379","0",,"0","13824","0","-9214364837600034816","703664","Microsoft-Windows-Security-Auditing","54849625-5478-4994-a5ba-3e3b0328c30d","Security","1120","1236","DESKTOP-P2LJSMT",,"27-12-2024 06:43:43","5eb8269d-3c6a-0002-4639-b85e6a3cdb01",,"Security","System.UInt32[]","System.Diagnostics.Eventing.Reader.EventBookmark","Information","Info","User Account Management","System.Collections.ObjectModel.ReadOnlyCollection`1[System.String]","System.Collections.Generic.List`1[System.Diagnostics.Eventing.Reader.EventProperty]"
"Credential Manager credentials were read.

Subject:
	Security ID:		S-1-5-21-3073522288-1489926022-2671101856-1001
	Account Name:		Taral
	Account Domain:		DESKTOP-P2LJSMT
	Logon ID:		0x96F7A
	Read Operation:		Enumerate Credentials

This event occurs when a user performs a read operation on stored credentials in Credential Manager.","5379","0",,"0","13824","0","-9214364837600034816","703663","Microsoft-Windows-Security-Auditing","54849625-5478-4994-a5ba-3e3b0328c30d","Security","1120","1236","DESKTOP-P2LJSMT",,"27-12-2024 06:43:43","5eb8269d-3c6a-0002-4639-b85e6a3cdb01",,"Security","System.UInt32[]","System.Diagnostics.Eventing.Reader.EventBookmark","Information","Info","User Account Management","System.Collections.ObjectModel.ReadOnlyCollection`1[System.String]","System.Collections.Generic.List`1[System.Diagnostics.Eventing.Reader.EventProperty]"
"Credential Manager credentials were read.

Subject:
	Security ID:		S-1-5-21-3073522288-1489926022-2671101856-1001
	Account Name:		Taral
	Account Domain:		DESKTOP-P2LJSMT
	Logon ID:		0x96F7A
	Read Operation:		Enumerate Credentials

This event occurs when a user performs a read operation on stored credentials in Credential Manager.","5379","0",,"0","13824","0","-9214364837600034816","703662","Microsoft-Windows-Security-Auditing","54849625-5478-4994-a5ba-3e3b0328c30d","Security","1120","1236","DESKTOP-P2LJSMT",,"27-12-2024 06:43:43","5eb8269d-3c6a-0002-4639-b85e6a3cdb01",,"Security","System.UInt32[]","System.Diagnostics.Eventing.Reader.EventBookmark","Information","Info","User Account Management","System.Collections.ObjectModel.ReadOnlyCollection`1[System.String]","System.Collections.Generic.List`1[System.Diagnostics.Eventing.Reader.EventProperty]"
"Credential Manager credentials were read.

Subject:
	Security ID:		S-1-5-21-3073522288-1489926022-2671101856-1001
	Account Name:		Taral
	Account Domain:		DESKTOP-P2LJSMT
	Logon ID:		0x96F7A
	Read Operation:		Enumerate Credentials

This event occurs when a user performs a read operation on stored credentials in Credential Manager.","5379","0",,"0","13824","0","-9214364837600034816","703661","Microsoft-Windows-Security-Auditing","54849625-5478-4994-a5ba-3e3b0328c30d","Security","1120","1236","DESKTOP-P2LJSMT",,"27-12-2024 06:43:43","5eb8269d-3c6a-0002-4639-b85e6a3cdb01",,"Security","System.UInt32[]","System.Diagnostics.Eventing.Reader.EventBookmark","Information","Info","User Account Management","System.Collections.ObjectModel.ReadOnlyCollection`1[System.String]","System.Collections.Generic.List`1[System.Diagnostics.Eventing.Reader.EventProperty]"
"Cryptographic operation.

Subject:
	Security ID:		S-1-5-21-3073522288-1489926022-2671101856-1001
	Account Name:		Taral
	Account Domain:		DESKTOP-P2LJSMT
	Logon ID:		0x96F7A

Cryptographic Parameters:
	Provider Name:	Microsoft Software Key Storage Provider
	Algorithm Name:	RSA
	Key Name:	TB_0_microsoft.com
	Key Type:	User key.

Cryptographic Operation:
	Operation:	Open Key.
	Return Code:	0x0","5061","0",,"0","12290","0","-9214364837600034816","703660","Microsoft-Windows-Security-Auditing","54849625-5478-4994-a5ba-3e3b0328c30d","Security","1120","32580","DESKTOP-P2LJSMT",,"27-12-2024 06:43:40","5eb8269d-3c6a-0002-4639-b85e6a3cdb01",,"Security","System.UInt32[]","System.Diagnostics.Eventing.Reader.EventBookmark","Information","Info","User Account Management","System.Collections.ObjectModel.ReadOnlyCollection`1[System.String]","System.Collections.Generic.List`1[System.Diagnostics.Eventing.Reader.EventProperty]"
"Special privileges assigned to new logon.

Subject:
	Security ID:		S-1-5-18
	Account Name:		SYSTEM
	Account Domain:		NT AUTHORITY
	Logon ID:		0x3E7

Privileges:		SeAssignPrimaryTokenPrivilege
			SeTcbPrivilege
			SeSecurityPrivilege
			SeTakeOwnershipPrivilege
			SeLoadDriverPrivilege
			SeBackupPrivilege
			SeRestorePrivilege
			SeDebugPrivilege
			SeAuditPrivilege
			SeSystemEnvironmentPrivilege
			SeImpersonatePrivilege
			SeDelegateSessionUserImpersonatePrivilege","4672","0",,"0","12548","0","-9214364837600034816","703659","Microsoft-Windows-Security-Auditing","54849625-5478-4994-a5ba-3e3b0328c30d","Security","1120","11164","DESKTOP-P2LJSMT",,"27-12-2024 06:43:39","5eb8269d-3c6a-0002-4639-b85e6a3cdb01",,"Security","System.UInt32[]","System.Diagnostics.Eventing.Reader.EventBookmark","Information","Info","User Account Management","System.Collections.ObjectModel.ReadOnlyCollection`1[System.String]","System.Collections.Generic.List`1[System.Diagnostics.Eventing.Reader.EventProperty]"
"An account was successfully logged on.

Subject:
	Security ID:		S-1-5-18
	Account Name:		DESKTOP-P2LJSMT$
	Account Domain:		WORKGROUP
	Logon ID:		0x3E7

Logon Information:
	Logon Type:		5
	Restricted Admin Mode:	-
	Remote Credential Guard:	-
	Virtual Account:		No
	Elevated Token:		Yes

Impersonation Level:		Impersonation

New Logon:
	Security ID:		S-1-5-18
	Account Name:		SYSTEM
	Account Domain:		NT AUTHORITY
	Logon ID:		0x3E7
	Linked Logon ID:		0x0
	Network Account Name:	-
	Network Account Domain:	-
	Logon GUID:		{00000000-0000-0000-0000-000000000000}

Process Information:
	Process ID:		0x438
	Process Name:		C:\Windows\System32\services.exe

Network Information:
	Workstation Name:	-
	Source Network Address:	-
	Source Port:		-

Detailed Authentication Information:
	Logon Process:		Advapi  
	Authentication Package:	Negotiate
	Transited Services:	-
	Package Name (NTLM only):	-
	Key Length:		0

This event is generated when a logon session is created. It is generated on the computer that was accessed.

The subject fields indicate the account on the local system which requested the logon. This is most commonly a service such as the Server service, or a local process such as Winlogon.exe or Services.exe.

The logon type field indicates the kind of logon that occurred. The most common types are 2 (interactive) and 3 (network).

The New Logon fields indicate the account for whom the new logon was created, i.e. the account that was logged on.

The network fields indicate where a remote logon request originated. Workstation name is not always available and may be left blank in some cases.

The impersonation level field indicates the extent to which a process in the logon session can impersonate.

The authentication information fields provide detailed information about this specific logon request.
	- Logon GUID is a unique identifier that can be used to correlate this event with a KDC event.
	- Transited services indicate which intermediate services have participated in this logon request.
	- Package name indicates which sub-protocol was used among the NTLM protocols.
	- Key length indicates the length of the generated session key. This will be 0 if no session key was requested.","4624","3",,"0","12544","0","-9214364837600034816","703658","Microsoft-Windows-Security-Auditing","54849625-5478-4994-a5ba-3e3b0328c30d","Security","1120","11164","DESKTOP-P2LJSMT",,"27-12-2024 06:43:39","5eb8269d-3c6a-0002-4639-b85e6a3cdb01",,"Security","System.UInt32[]","System.Diagnostics.Eventing.Reader.EventBookmark","Information","Info","User Account Management","System.Collections.ObjectModel.ReadOnlyCollection`1[System.String]","System.Collections.Generic.List`1[System.Diagnostics.Eventing.Reader.EventProperty]"
"Credential Manager credentials were read.

Subject:
	Security ID:		S-1-5-21-3073522288-1489926022-2671101856-1001
	Account Name:		Taral
	Account Domain:		DESKTOP-P2LJSMT
	Logon ID:		0x96F7A
	Read Operation:		Enumerate Credentials

This event occurs when a user performs a read operation on stored credentials in Credential Manager.","5379","0",,"0","13824","0","-9214364837600034816","703657","Microsoft-Windows-Security-Auditing","54849625-5478-4994-a5ba-3e3b0328c30d","Security","1120","11164","DESKTOP-P2LJSMT",,"27-12-2024 06:43:39","5eb8269d-3c6a-0002-4639-b85e6a3cdb01",,"Security","System.UInt32[]","System.Diagnostics.Eventing.Reader.EventBookmark","Information","Info","User Account Management","System.Collections.ObjectModel.ReadOnlyCollection`1[System.String]","System.Collections.Generic.List`1[System.Diagnostics.Eventing.Reader.EventProperty]"
"Credential Manager credentials were read.

Subject:
	Security ID:		S-1-5-21-3073522288-1489926022-2671101856-1001
	Account Name:		Taral
	Account Domain:		DESKTOP-P2LJSMT
	Logon ID:		0x96F7A
	Read Operation:		Enumerate Credentials

This event occurs when a user performs a read operation on stored credentials in Credential Manager.","5379","0",,"0","13824","0","-9214364837600034816","703656","Microsoft-Windows-Security-Auditing","54849625-5478-4994-a5ba-3e3b0328c30d","Security","1120","11164","DESKTOP-P2LJSMT",,"27-12-2024 06:43:39","5eb8269d-3c6a-0002-4639-b85e6a3cdb01",,"Security","System.UInt32[]","System.Diagnostics.Eventing.Reader.EventBookmark","Information","Info","User Account Management","System.Collections.ObjectModel.ReadOnlyCollection`1[System.String]","System.Collections.Generic.List`1[System.Diagnostics.Eventing.Reader.EventProperty]"
"Credential Manager credentials were read.

Subject:
	Security ID:		S-1-5-21-3073522288-1489926022-2671101856-1001
	Account Name:		Taral
	Account Domain:		DESKTOP-P2LJSMT
	Logon ID:		0x96F7A
	Read Operation:		Enumerate Credentials

This event occurs when a user performs a read operation on stored credentials in Credential Manager.","5379","0",,"0","13824","0","-9214364837600034816","703655","Microsoft-Windows-Security-Auditing","54849625-5478-4994-a5ba-3e3b0328c30d","Security","1120","11164","DESKTOP-P2LJSMT",,"27-12-2024 06:43:39","5eb8269d-3c6a-0002-4639-b85e6a3cdb01",,"Security","System.UInt32[]","System.Diagnostics.Eventing.Reader.EventBookmark","Information","Info","User Account Management","System.Collections.ObjectModel.ReadOnlyCollection`1[System.String]","System.Collections.Generic.List`1[System.Diagnostics.Eventing.Reader.EventProperty]"
"Credential Manager credentials were read.

Subject:
	Security ID:		S-1-5-21-3073522288-1489926022-2671101856-1001
	Account Name:		Taral
	Account Domain:		DESKTOP-P2LJSMT
	Logon ID:		0x96F7A
	Read Operation:		Enumerate Credentials

This event occurs when a user performs a read operation on stored credentials in Credential Manager.","5379","0",,"0","13824","0","-9214364837600034816","703654","Microsoft-Windows-Security-Auditing","54849625-5478-4994-a5ba-3e3b0328c30d","Security","1120","11164","DESKTOP-P2LJSMT",,"27-12-2024 06:43:39","5eb8269d-3c6a-0002-4639-b85e6a3cdb01",,"Security","System.UInt32[]","System.Diagnostics.Eventing.Reader.EventBookmark","Information","Info","User Account Management","System.Collections.ObjectModel.ReadOnlyCollection`1[System.String]","System.Collections.Generic.List`1[System.Diagnostics.Eventing.Reader.EventProperty]"
"Credential Manager credentials were read.

Subject:
	Security ID:		S-1-5-21-3073522288-1489926022-2671101856-1001
	Account Name:		Taral
	Account Domain:		DESKTOP-P2LJSMT
	Logon ID:		0x96F7A
	Read Operation:		Enumerate Credentials

This event occurs when a user performs a read operation on stored credentials in Credential Manager.","5379","0",,"0","13824","0","-9214364837600034816","703653","Microsoft-Windows-Security-Auditing","54849625-5478-4994-a5ba-3e3b0328c30d","Security","1120","11164","DESKTOP-P2LJSMT",,"27-12-2024 06:43:39","5eb8269d-3c6a-0002-4639-b85e6a3cdb01",,"Security","System.UInt32[]","System.Diagnostics.Eventing.Reader.EventBookmark","Information","Info","User Account Management","System.Collections.ObjectModel.ReadOnlyCollection`1[System.String]","System.Collections.Generic.List`1[System.Diagnostics.Eventing.Reader.EventProperty]"
"Vault credentials were read.

Subject:
	Security ID:		S-1-5-18
	Account Name:		DESKTOP-P2LJSMT$
	Account Domain:		WORKGROUP
	Logon ID:		0x3E7

This event occurs when a user reads a stored vault credential.","5382","0",,"0","13824","0","-9214364837600034816","703652","Microsoft-Windows-Security-Auditing","54849625-5478-4994-a5ba-3e3b0328c30d","Security","1120","1236","DESKTOP-P2LJSMT",,"27-12-2024 06:43:39",,,"Security","System.UInt32[]","System.Diagnostics.Eventing.Reader.EventBookmark","Information","Info","User Account Management","System.Collections.ObjectModel.ReadOnlyCollection`1[System.String]","System.Collections.Generic.List`1[System.Diagnostics.Eventing.Reader.EventProperty]"
"Credential Manager credentials were read.

Subject:
	Security ID:		S-1-5-21-3073522288-1489926022-2671101856-1001
	Account Name:		Taral
	Account Domain:		DESKTOP-P2LJSMT
	Logon ID:		0x96F7A
	Read Operation:		Enumerate Credentials

This event occurs when a user performs a read operation on stored credentials in Credential Manager.","5379","0",,"0","13824","0","-9214364837600034816","703651","Microsoft-Windows-Security-Auditing","54849625-5478-4994-a5ba-3e3b0328c30d","Security","1120","11164","DESKTOP-P2LJSMT",,"27-12-2024 06:43:39","5eb8269d-3c6a-0002-4639-b85e6a3cdb01",,"Security","System.UInt32[]","System.Diagnostics.Eventing.Reader.EventBookmark","Information","Info","User Account Management","System.Collections.ObjectModel.ReadOnlyCollection`1[System.String]","System.Collections.Generic.List`1[System.Diagnostics.Eventing.Reader.EventProperty]"
"Credential Manager credentials were read.

Subject:
	Security ID:		S-1-5-21-3073522288-1489926022-2671101856-1001
	Account Name:		Taral
	Account Domain:		DESKTOP-P2LJSMT
	Logon ID:		0x96F7A
	Read Operation:		Enumerate Credentials

This event occurs when a user performs a read operation on stored credentials in Credential Manager.","5379","0",,"0","13824","0","-9214364837600034816","703650","Microsoft-Windows-Security-Auditing","54849625-5478-4994-a5ba-3e3b0328c30d","Security","1120","11164","DESKTOP-P2LJSMT",,"27-12-2024 06:43:39","5eb8269d-3c6a-0002-4639-b85e6a3cdb01",,"Security","System.UInt32[]","System.Diagnostics.Eventing.Reader.EventBookmark","Information","Info","User Account Management","System.Collections.ObjectModel.ReadOnlyCollection`1[System.String]","System.Collections.Generic.List`1[System.Diagnostics.Eventing.Reader.EventProperty]"
"Credential Manager credentials were read.

Subject:
	Security ID:		S-1-5-21-3073522288-1489926022-2671101856-1001
	Account Name:		Taral
	Account Domain:		DESKTOP-P2LJSMT
	Logon ID:		0x96F7A
	Read Operation:		Enumerate Credentials

This event occurs when a user performs a read operation on stored credentials in Credential Manager.","5379","0",,"0","13824","0","-9214364837600034816","703649","Microsoft-Windows-Security-Auditing","54849625-5478-4994-a5ba-3e3b0328c30d","Security","1120","11164","DESKTOP-P2LJSMT",,"27-12-2024 06:43:39","5eb8269d-3c6a-0002-4639-b85e6a3cdb01",,"Security","System.UInt32[]","System.Diagnostics.Eventing.Reader.EventBookmark","Information","Info","User Account Management","System.Collections.ObjectModel.ReadOnlyCollection`1[System.String]","System.Collections.Generic.List`1[System.Diagnostics.Eventing.Reader.EventProperty]"
"Credential Manager credentials were read.

Subject:
	Security ID:		S-1-5-21-3073522288-1489926022-2671101856-1001
	Account Name:		Taral
	Account Domain:		DESKTOP-P2LJSMT
	Logon ID:		0x96F7A
	Read Operation:		Enumerate Credentials

This event occurs when a user performs a read operation on stored credentials in Credential Manager.","5379","0",,"0","13824","0","-9214364837600034816","703648","Microsoft-Windows-Security-Auditing","54849625-5478-4994-a5ba-3e3b0328c30d","Security","1120","11164","DESKTOP-P2LJSMT",,"27-12-2024 06:43:39","5eb8269d-3c6a-0002-4639-b85e6a3cdb01",,"Security","System.UInt32[]","System.Diagnostics.Eventing.Reader.EventBookmark","Information","Info","User Account Management","System.Collections.ObjectModel.ReadOnlyCollection`1[System.String]","System.Collections.Generic.List`1[System.Diagnostics.Eventing.Reader.EventProperty]"
"A user's local group membership was enumerated.

Subject:
	Security ID:		S-1-5-18
	Account Name:		DESKTOP-P2LJSMT$
	Account Domain:		WORKGROUP
	Logon ID:		0x3E7

User:
	Security ID:		S-1-5-21-3073522288-1489926022-2671101856-1001
	Account Name:		Taral
	Account Domain:		DESKTOP-P2LJSMT

Process Information:
	Process ID:		0x152c
	Process Name:		C:\Windows\System32\taskhostw.exe","4798","0",,"0","13824","0","-9214364837600034816","703647","Microsoft-Windows-Security-Auditing","54849625-5478-4994-a5ba-3e3b0328c30d","Security","1120","11164","DESKTOP-P2LJSMT",,"27-12-2024 06:43:39","5eb8269d-3c6a-0002-4639-b85e6a3cdb01",,"Security","System.UInt32[]","System.Diagnostics.Eventing.Reader.EventBookmark","Information","Info","User Account Management","System.Collections.ObjectModel.ReadOnlyCollection`1[System.String]","System.Collections.Generic.List`1[System.Diagnostics.Eventing.Reader.EventProperty]"
"A user's local group membership was enumerated.

Subject:
	Security ID:		S-1-5-18
	Account Name:		DESKTOP-P2LJSMT$
	Account Domain:		WORKGROUP
	Logon ID:		0x3E7

User:
	Security ID:		S-1-5-21-3073522288-1489926022-2671101856-501
	Account Name:		Guest
	Account Domain:		DESKTOP-P2LJSMT

Process Information:
	Process ID:		0x152c
	Process Name:		C:\Windows\System32\taskhostw.exe","4798","0",,"0","13824","0","-9214364837600034816","703646","Microsoft-Windows-Security-Auditing","54849625-5478-4994-a5ba-3e3b0328c30d","Security","1120","11164","DESKTOP-P2LJSMT",,"27-12-2024 06:43:39","5eb8269d-3c6a-0002-4639-b85e6a3cdb01",,"Security","System.UInt32[]","System.Diagnostics.Eventing.Reader.EventBookmark","Information","Info","User Account Management","System.Collections.ObjectModel.ReadOnlyCollection`1[System.String]","System.Collections.Generic.List`1[System.Diagnostics.Eventing.Reader.EventProperty]"
"A user's local group membership was enumerated.

Subject:
	Security ID:		S-1-5-18
	Account Name:		DESKTOP-P2LJSMT$
	Account Domain:		WORKGROUP
	Logon ID:		0x3E7

User:
	Security ID:		S-1-5-21-3073522288-1489926022-2671101856-503
	Account Name:		DefaultAccount
	Account Domain:		DESKTOP-P2LJSMT

Process Information:
	Process ID:		0x152c
	Process Name:		C:\Windows\System32\taskhostw.exe","4798","0",,"0","13824","0","-9214364837600034816","703645","Microsoft-Windows-Security-Auditing","54849625-5478-4994-a5ba-3e3b0328c30d","Security","1120","11164","DESKTOP-P2LJSMT",,"27-12-2024 06:43:39","5eb8269d-3c6a-0002-4639-b85e6a3cdb01",,"Security","System.UInt32[]","System.Diagnostics.Eventing.Reader.EventBookmark","Information","Info","User Account Management","System.Collections.ObjectModel.ReadOnlyCollection`1[System.String]","System.Collections.Generic.List`1[System.Diagnostics.Eventing.Reader.EventProperty]"
"A user's local group membership was enumerated.

Subject:
	Security ID:		S-1-5-18
	Account Name:		DESKTOP-P2LJSMT$
	Account Domain:		WORKGROUP
	Logon ID:		0x3E7

User:
	Security ID:		S-1-5-21-3073522288-1489926022-2671101856-500
	Account Name:		Administrator
	Account Domain:		DESKTOP-P2LJSMT

Process Information:
	Process ID:		0x152c
	Process Name:		C:\Windows\System32\taskhostw.exe","4798","0",,"0","13824","0","-9214364837600034816","703644","Microsoft-Windows-Security-Auditing","54849625-5478-4994-a5ba-3e3b0328c30d","Security","1120","11164","DESKTOP-P2LJSMT",,"27-12-2024 06:43:39","5eb8269d-3c6a-0002-4639-b85e6a3cdb01",,"Security","System.UInt32[]","System.Diagnostics.Eventing.Reader.EventBookmark","Information","Info","User Account Management","System.Collections.ObjectModel.ReadOnlyCollection`1[System.String]","System.Collections.Generic.List`1[System.Diagnostics.Eventing.Reader.EventProperty]"
"Credential Manager credentials were read.

Subject:
	Security ID:		S-1-5-18
	Account Name:		DESKTOP-P2LJSMT$
	Account Domain:		WORKGROUP
	Logon ID:		0x3E7
	Read Operation:		Enumerate Credentials

This event occurs when a user performs a read operation on stored credentials in Credential Manager.","5379","0",,"0","13824","0","-9214364837600034816","703643","Microsoft-Windows-Security-Auditing","54849625-5478-4994-a5ba-3e3b0328c30d","Security","1120","11164","DESKTOP-P2LJSMT",,"27-12-2024 06:43:39","5eb8269d-3c6a-0002-4639-b85e6a3cdb01",,"Security","System.UInt32[]","System.Diagnostics.Eventing.Reader.EventBookmark","Information","Info","User Account Management","System.Collections.ObjectModel.ReadOnlyCollection`1[System.String]","System.Collections.Generic.List`1[System.Diagnostics.Eventing.Reader.EventProperty]"
"Credential Manager credentials were read.

Subject:
	Security ID:		S-1-5-18
	Account Name:		DESKTOP-P2LJSMT$
	Account Domain:		WORKGROUP
	Logon ID:		0x3E7
	Read Operation:		Enumerate Credentials

This event occurs when a user performs a read operation on stored credentials in Credential Manager.","5379","0",,"0","13824","0","-9214364837600034816","703642","Microsoft-Windows-Security-Auditing","54849625-5478-4994-a5ba-3e3b0328c30d","Security","1120","11164","DESKTOP-P2LJSMT",,"27-12-2024 06:43:39","5eb8269d-3c6a-0002-4639-b85e6a3cdb01",,"Security","System.UInt32[]","System.Diagnostics.Eventing.Reader.EventBookmark","Information","Info","User Account Management","System.Collections.ObjectModel.ReadOnlyCollection`1[System.String]","System.Collections.Generic.List`1[System.Diagnostics.Eventing.Reader.EventProperty]"
"Credential Manager credentials were read.

Subject:
	Security ID:		S-1-5-18
	Account Name:		DESKTOP-P2LJSMT$
	Account Domain:		WORKGROUP
	Logon ID:		0x3E7
	Read Operation:		Enumerate Credentials

This event occurs when a user performs a read operation on stored credentials in Credential Manager.","5379","0",,"0","13824","0","-9214364837600034816","703641","Microsoft-Windows-Security-Auditing","54849625-5478-4994-a5ba-3e3b0328c30d","Security","1120","11164","DESKTOP-P2LJSMT",,"27-12-2024 06:43:39","5eb8269d-3c6a-0002-4639-b85e6a3cdb01",,"Security","System.UInt32[]","System.Diagnostics.Eventing.Reader.EventBookmark","Information","Info","User Account Management","System.Collections.ObjectModel.ReadOnlyCollection`1[System.String]","System.Collections.Generic.List`1[System.Diagnostics.Eventing.Reader.EventProperty]"
"Credential Manager credentials were read.

Subject:
	Security ID:		S-1-5-18
	Account Name:		DESKTOP-P2LJSMT$
	Account Domain:		WORKGROUP
	Logon ID:		0x3E7
	Read Operation:		Enumerate Credentials

This event occurs when a user performs a read operation on stored credentials in Credential Manager.","5379","0",,"0","13824","0","-9214364837600034816","703640","Microsoft-Windows-Security-Auditing","54849625-5478-4994-a5ba-3e3b0328c30d","Security","1120","11164","DESKTOP-P2LJSMT",,"27-12-2024 06:43:39","5eb8269d-3c6a-0002-4639-b85e6a3cdb01",,"Security","System.UInt32[]","System.Diagnostics.Eventing.Reader.EventBookmark","Information","Info","User Account Management","System.Collections.ObjectModel.ReadOnlyCollection`1[System.String]","System.Collections.Generic.List`1[System.Diagnostics.Eventing.Reader.EventProperty]"
"Credential Manager credentials were read.

Subject:
	Security ID:		S-1-5-21-3073522288-1489926022-2671101856-1001
	Account Name:		Taral
	Account Domain:		DESKTOP-P2LJSMT
	Logon ID:		0x96F7A
	Read Operation:		Enumerate Credentials

This event occurs when a user performs a read operation on stored credentials in Credential Manager.","5379","0",,"0","13824","0","-9214364837600034816","703639","Microsoft-Windows-Security-Auditing","54849625-5478-4994-a5ba-3e3b0328c30d","Security","1120","11164","DESKTOP-P2LJSMT",,"27-12-2024 06:43:39","5eb8269d-3c6a-0002-4639-b85e6a3cdb01",,"Security","System.UInt32[]","System.Diagnostics.Eventing.Reader.EventBookmark","Information","Info","User Account Management","System.Collections.ObjectModel.ReadOnlyCollection`1[System.String]","System.Collections.Generic.List`1[System.Diagnostics.Eventing.Reader.EventProperty]"
"Credential Manager credentials were read.

Subject:
	Security ID:		S-1-5-21-3073522288-1489926022-2671101856-1001
	Account Name:		Taral
	Account Domain:		DESKTOP-P2LJSMT
	Logon ID:		0x96F7A
	Read Operation:		Enumerate Credentials

This event occurs when a user performs a read operation on stored credentials in Credential Manager.","5379","0",,"0","13824","0","-9214364837600034816","703638","Microsoft-Windows-Security-Auditing","54849625-5478-4994-a5ba-3e3b0328c30d","Security","1120","11164","DESKTOP-P2LJSMT",,"27-12-2024 06:43:39","5eb8269d-3c6a-0002-4639-b85e6a3cdb01",,"Security","System.UInt32[]","System.Diagnostics.Eventing.Reader.EventBookmark","Information","Info","User Account Management","System.Collections.ObjectModel.ReadOnlyCollection`1[System.String]","System.Collections.Generic.List`1[System.Diagnostics.Eventing.Reader.EventProperty]"
"Credential Manager credentials were read.

Subject:
	Security ID:		S-1-5-21-3073522288-1489926022-2671101856-1001
	Account Name:		Taral
	Account Domain:		DESKTOP-P2LJSMT
	Logon ID:		0x96F7A
	Read Operation:		Enumerate Credentials

This event occurs when a user performs a read operation on stored credentials in Credential Manager.","5379","0",,"0","13824","0","-9214364837600034816","703637","Microsoft-Windows-Security-Auditing","54849625-5478-4994-a5ba-3e3b0328c30d","Security","1120","1236","DESKTOP-P2LJSMT",,"27-12-2024 06:43:39","5eb8269d-3c6a-0002-4639-b85e6a3cdb01",,"Security","System.UInt32[]","System.Diagnostics.Eventing.Reader.EventBookmark","Information","Info","User Account Management","System.Collections.ObjectModel.ReadOnlyCollection`1[System.String]","System.Collections.Generic.List`1[System.Diagnostics.Eventing.Reader.EventProperty]"
"Credential Manager credentials were read.

Subject:
	Security ID:		S-1-5-21-3073522288-1489926022-2671101856-1001
	Account Name:		Taral
	Account Domain:		DESKTOP-P2LJSMT
	Logon ID:		0x96F7A
	Read Operation:		Enumerate Credentials

This event occurs when a user performs a read operation on stored credentials in Credential Manager.","5379","0",,"0","13824","0","-9214364837600034816","703636","Microsoft-Windows-Security-Auditing","54849625-5478-4994-a5ba-3e3b0328c30d","Security","1120","1236","DESKTOP-P2LJSMT",,"27-12-2024 06:43:38","5eb8269d-3c6a-0002-4639-b85e6a3cdb01",,"Security","System.UInt32[]","System.Diagnostics.Eventing.Reader.EventBookmark","Information","Info","User Account Management","System.Collections.ObjectModel.ReadOnlyCollection`1[System.String]","System.Collections.Generic.List`1[System.Diagnostics.Eventing.Reader.EventProperty]"
"Credential Manager credentials were read.

Subject:
	Security ID:		S-1-5-21-3073522288-1489926022-2671101856-1001
	Account Name:		Taral
	Account Domain:		DESKTOP-P2LJSMT
	Logon ID:		0x96F7A
	Read Operation:		Enumerate Credentials

This event occurs when a user performs a read operation on stored credentials in Credential Manager.","5379","0",,"0","13824","0","-9214364837600034816","703635","Microsoft-Windows-Security-Auditing","54849625-5478-4994-a5ba-3e3b0328c30d","Security","1120","1236","DESKTOP-P2LJSMT",,"27-12-2024 06:43:38","5eb8269d-3c6a-0002-4639-b85e6a3cdb01",,"Security","System.UInt32[]","System.Diagnostics.Eventing.Reader.EventBookmark","Information","Info","User Account Management","System.Collections.ObjectModel.ReadOnlyCollection`1[System.String]","System.Collections.Generic.List`1[System.Diagnostics.Eventing.Reader.EventProperty]"
"Credential Manager credentials were read.

Subject:
	Security ID:		S-1-5-21-3073522288-1489926022-2671101856-1001
	Account Name:		Taral
	Account Domain:		DESKTOP-P2LJSMT
	Logon ID:		0x96F7A
	Read Operation:		Enumerate Credentials

This event occurs when a user performs a read operation on stored credentials in Credential Manager.","5379","0",,"0","13824","0","-9214364837600034816","703634","Microsoft-Windows-Security-Auditing","54849625-5478-4994-a5ba-3e3b0328c30d","Security","1120","1236","DESKTOP-P2LJSMT",,"27-12-2024 06:43:38","5eb8269d-3c6a-0002-4639-b85e6a3cdb01",,"Security","System.UInt32[]","System.Diagnostics.Eventing.Reader.EventBookmark","Information","Info","User Account Management","System.Collections.ObjectModel.ReadOnlyCollection`1[System.String]","System.Collections.Generic.List`1[System.Diagnostics.Eventing.Reader.EventProperty]"
"Credential Manager credentials were read.

Subject:
	Security ID:		S-1-5-21-3073522288-1489926022-2671101856-1001
	Account Name:		Taral
	Account Domain:		DESKTOP-P2LJSMT
	Logon ID:		0x96F7A
	Read Operation:		Enumerate Credentials

This event occurs when a user performs a read operation on stored credentials in Credential Manager.","5379","0",,"0","13824","0","-9214364837600034816","703633","Microsoft-Windows-Security-Auditing","54849625-5478-4994-a5ba-3e3b0328c30d","Security","1120","1236","DESKTOP-P2LJSMT",,"27-12-2024 06:43:38","5eb8269d-3c6a-0002-4639-b85e6a3cdb01",,"Security","System.UInt32[]","System.Diagnostics.Eventing.Reader.EventBookmark","Information","Info","User Account Management","System.Collections.ObjectModel.ReadOnlyCollection`1[System.String]","System.Collections.Generic.List`1[System.Diagnostics.Eventing.Reader.EventProperty]"
"Credential Manager credentials were read.

Subject:
	Security ID:		S-1-5-21-3073522288-1489926022-2671101856-1001
	Account Name:		Taral
	Account Domain:		DESKTOP-P2LJSMT
	Logon ID:		0x96F7A
	Read Operation:		Enumerate Credentials

This event occurs when a user performs a read operation on stored credentials in Credential Manager.","5379","0",,"0","13824","0","-9214364837600034816","703632","Microsoft-Windows-Security-Auditing","54849625-5478-4994-a5ba-3e3b0328c30d","Security","1120","1236","DESKTOP-P2LJSMT",,"27-12-2024 06:43:38","5eb8269d-3c6a-0002-4639-b85e6a3cdb01",,"Security","System.UInt32[]","System.Diagnostics.Eventing.Reader.EventBookmark","Information","Info","User Account Management","System.Collections.ObjectModel.ReadOnlyCollection`1[System.String]","System.Collections.Generic.List`1[System.Diagnostics.Eventing.Reader.EventProperty]"
"Credential Manager credentials were read.

Subject:
	Security ID:		S-1-5-21-3073522288-1489926022-2671101856-1001
	Account Name:		Taral
	Account Domain:		DESKTOP-P2LJSMT
	Logon ID:		0x96F7A
	Read Operation:		Enumerate Credentials

This event occurs when a user performs a read operation on stored credentials in Credential Manager.","5379","0",,"0","13824","0","-9214364837600034816","703631","Microsoft-Windows-Security-Auditing","54849625-5478-4994-a5ba-3e3b0328c30d","Security","1120","11164","DESKTOP-P2LJSMT",,"27-12-2024 06:43:38","5eb8269d-3c6a-0002-4639-b85e6a3cdb01",,"Security","System.UInt32[]","System.Diagnostics.Eventing.Reader.EventBookmark","Information","Info","User Account Management","System.Collections.ObjectModel.ReadOnlyCollection`1[System.String]","System.Collections.Generic.List`1[System.Diagnostics.Eventing.Reader.EventProperty]"
"Credential Manager credentials were read.

Subject:
	Security ID:		S-1-5-21-3073522288-1489926022-2671101856-1001
	Account Name:		Taral
	Account Domain:		DESKTOP-P2LJSMT
	Logon ID:		0x96F7A
	Read Operation:		Enumerate Credentials

This event occurs when a user performs a read operation on stored credentials in Credential Manager.","5379","0",,"0","13824","0","-9214364837600034816","703630","Microsoft-Windows-Security-Auditing","54849625-5478-4994-a5ba-3e3b0328c30d","Security","1120","23972","DESKTOP-P2LJSMT",,"27-12-2024 06:43:36","5eb8269d-3c6a-0002-4639-b85e6a3cdb01",,"Security","System.UInt32[]","System.Diagnostics.Eventing.Reader.EventBookmark","Information","Info","User Account Management","System.Collections.ObjectModel.ReadOnlyCollection`1[System.String]","System.Collections.Generic.List`1[System.Diagnostics.Eventing.Reader.EventProperty]"
"Credential Manager credentials were read.

Subject:
	Security ID:		S-1-5-21-3073522288-1489926022-2671101856-1001
	Account Name:		Taral
	Account Domain:		DESKTOP-P2LJSMT
	Logon ID:		0x96F7A
	Read Operation:		Enumerate Credentials

This event occurs when a user performs a read operation on stored credentials in Credential Manager.","5379","0",,"0","13824","0","-9214364837600034816","703629","Microsoft-Windows-Security-Auditing","54849625-5478-4994-a5ba-3e3b0328c30d","Security","1120","1236","DESKTOP-P2LJSMT",,"27-12-2024 06:43:36","5eb8269d-3c6a-0002-4639-b85e6a3cdb01",,"Security","System.UInt32[]","System.Diagnostics.Eventing.Reader.EventBookmark","Information","Info","User Account Management","System.Collections.ObjectModel.ReadOnlyCollection`1[System.String]","System.Collections.Generic.List`1[System.Diagnostics.Eventing.Reader.EventProperty]"
"Credential Manager credentials were read.

Subject:
	Security ID:		S-1-5-21-3073522288-1489926022-2671101856-1001
	Account Name:		Taral
	Account Domain:		DESKTOP-P2LJSMT
	Logon ID:		0x96F7A
	Read Operation:		Enumerate Credentials

This event occurs when a user performs a read operation on stored credentials in Credential Manager.","5379","0",,"0","13824","0","-9214364837600034816","703628","Microsoft-Windows-Security-Auditing","54849625-5478-4994-a5ba-3e3b0328c30d","Security","1120","1236","DESKTOP-P2LJSMT",,"27-12-2024 06:43:36","5eb8269d-3c6a-0002-4639-b85e6a3cdb01",,"Security","System.UInt32[]","System.Diagnostics.Eventing.Reader.EventBookmark","Information","Info","User Account Management","System.Collections.ObjectModel.ReadOnlyCollection`1[System.String]","System.Collections.Generic.List`1[System.Diagnostics.Eventing.Reader.EventProperty]"
"Credential Manager credentials were read.

Subject:
	Security ID:		S-1-5-21-3073522288-1489926022-2671101856-1001
	Account Name:		Taral
	Account Domain:		DESKTOP-P2LJSMT
	Logon ID:		0x96F7A
	Read Operation:		Enumerate Credentials

This event occurs when a user performs a read operation on stored credentials in Credential Manager.","5379","0",,"0","13824","0","-9214364837600034816","703627","Microsoft-Windows-Security-Auditing","54849625-5478-4994-a5ba-3e3b0328c30d","Security","1120","1236","DESKTOP-P2LJSMT",,"27-12-2024 06:43:36","5eb8269d-3c6a-0002-4639-b85e6a3cdb01",,"Security","System.UInt32[]","System.Diagnostics.Eventing.Reader.EventBookmark","Information","Info","User Account Management","System.Collections.ObjectModel.ReadOnlyCollection`1[System.String]","System.Collections.Generic.List`1[System.Diagnostics.Eventing.Reader.EventProperty]"
"Credential Manager credentials were read.

Subject:
	Security ID:		S-1-5-21-3073522288-1489926022-2671101856-1001
	Account Name:		Taral
	Account Domain:		DESKTOP-P2LJSMT
	Logon ID:		0x96F7A
	Read Operation:		Enumerate Credentials

This event occurs when a user performs a read operation on stored credentials in Credential Manager.","5379","0",,"0","13824","0","-9214364837600034816","703626","Microsoft-Windows-Security-Auditing","54849625-5478-4994-a5ba-3e3b0328c30d","Security","1120","23972","DESKTOP-P2LJSMT",,"27-12-2024 06:43:36","5eb8269d-3c6a-0002-4639-b85e6a3cdb01",,"Security","System.UInt32[]","System.Diagnostics.Eventing.Reader.EventBookmark","Information","Info","User Account Management","System.Collections.ObjectModel.ReadOnlyCollection`1[System.String]","System.Collections.Generic.List`1[System.Diagnostics.Eventing.Reader.EventProperty]"
"Credential Manager credentials were read.

Subject:
	Security ID:		S-1-5-21-3073522288-1489926022-2671101856-1001
	Account Name:		Taral
	Account Domain:		DESKTOP-P2LJSMT
	Logon ID:		0x96F7A
	Read Operation:		Enumerate Credentials

This event occurs when a user performs a read operation on stored credentials in Credential Manager.","5379","0",,"0","13824","0","-9214364837600034816","703625","Microsoft-Windows-Security-Auditing","54849625-5478-4994-a5ba-3e3b0328c30d","Security","1120","23972","DESKTOP-P2LJSMT",,"27-12-2024 06:43:36","5eb8269d-3c6a-0002-4639-b85e6a3cdb01",,"Security","System.UInt32[]","System.Diagnostics.Eventing.Reader.EventBookmark","Information","Info","User Account Management","System.Collections.ObjectModel.ReadOnlyCollection`1[System.String]","System.Collections.Generic.List`1[System.Diagnostics.Eventing.Reader.EventProperty]"
"Credential Manager credentials were read.

Subject:
	Security ID:		S-1-5-21-3073522288-1489926022-2671101856-1001
	Account Name:		Taral
	Account Domain:		DESKTOP-P2LJSMT
	Logon ID:		0x96F7A
	Read Operation:		Enumerate Credentials

This event occurs when a user performs a read operation on stored credentials in Credential Manager.","5379","0",,"0","13824","0","-9214364837600034816","703624","Microsoft-Windows-Security-Auditing","54849625-5478-4994-a5ba-3e3b0328c30d","Security","1120","23972","DESKTOP-P2LJSMT",,"27-12-2024 06:43:36","5eb8269d-3c6a-0002-4639-b85e6a3cdb01",,"Security","System.UInt32[]","System.Diagnostics.Eventing.Reader.EventBookmark","Information","Info","User Account Management","System.Collections.ObjectModel.ReadOnlyCollection`1[System.String]","System.Collections.Generic.List`1[System.Diagnostics.Eventing.Reader.EventProperty]"
"Credential Manager credentials were read.

Subject:
	Security ID:		S-1-5-21-3073522288-1489926022-2671101856-1001
	Account Name:		Taral
	Account Domain:		DESKTOP-P2LJSMT
	Logon ID:		0x96F7A
	Read Operation:		Enumerate Credentials

This event occurs when a user performs a read operation on stored credentials in Credential Manager.","5379","0",,"0","13824","0","-9214364837600034816","703623","Microsoft-Windows-Security-Auditing","54849625-5478-4994-a5ba-3e3b0328c30d","Security","1120","23972","DESKTOP-P2LJSMT",,"27-12-2024 06:43:36","5eb8269d-3c6a-0002-4639-b85e6a3cdb01",,"Security","System.UInt32[]","System.Diagnostics.Eventing.Reader.EventBookmark","Information","Info","User Account Management","System.Collections.ObjectModel.ReadOnlyCollection`1[System.String]","System.Collections.Generic.List`1[System.Diagnostics.Eventing.Reader.EventProperty]"
"Credential Manager credentials were read.

Subject:
	Security ID:		S-1-5-21-3073522288-1489926022-2671101856-1001
	Account Name:		Taral
	Account Domain:		DESKTOP-P2LJSMT
	Logon ID:		0x96F7A
	Read Operation:		Enumerate Credentials

This event occurs when a user performs a read operation on stored credentials in Credential Manager.","5379","0",,"0","13824","0","-9214364837600034816","703622","Microsoft-Windows-Security-Auditing","54849625-5478-4994-a5ba-3e3b0328c30d","Security","1120","23972","DESKTOP-P2LJSMT",,"27-12-2024 06:43:36","5eb8269d-3c6a-0002-4639-b85e6a3cdb01",,"Security","System.UInt32[]","System.Diagnostics.Eventing.Reader.EventBookmark","Information","Info","User Account Management","System.Collections.ObjectModel.ReadOnlyCollection`1[System.String]","System.Collections.Generic.List`1[System.Diagnostics.Eventing.Reader.EventProperty]"
"An account was logged off.

