Subject:
	Security ID:		S-1-5-21-3073522288-1489926022-2671101856-1001
	Account Name:		Taral
	Account Domain:		DESKTOP-P2LJSMT
	Logon ID:		0xEDC6AEE4

Logon Type:			2

This event is generated when a logon session is destroyed. It may be positively correlated with a logon event using the Logon ID value. Logon IDs are only unique between reboots on the same computer.","4634","0",,"0","12545","0","-9214364837600034816","703621","Microsoft-Windows-Security-Auditing","54849625-5478-4994-a5ba-3e3b0328c30d","Security","1120","8588","DESKTOP-P2LJSMT",,"27-12-2024 06:43:35",,,"Security","System.UInt32[]","System.Diagnostics.Eventing.Reader.EventBookmark","Information","Info","User Account Management","System.Collections.ObjectModel.ReadOnlyCollection`1[System.String]","System.Collections.Generic.List`1[System.Diagnostics.Eventing.Reader.EventProperty]"
"An account was logged off.

Subject:
	Security ID:		S-1-5-21-3073522288-1489926022-2671101856-1001
	Account Name:		Taral
	Account Domain:		DESKTOP-P2LJSMT
	Logon ID:		0xEDC6BE46

Logon Type:			7

This event is generated when a logon session is destroyed. It may be positively correlated with a logon event using the Logon ID value. Logon IDs are only unique between reboots on the same computer.","4634","0",,"0","12545","0","-9214364837600034816","703620","Microsoft-Windows-Security-Auditing","54849625-5478-4994-a5ba-3e3b0328c30d","Security","1120","11164","DESKTOP-P2LJSMT",,"27-12-2024 06:43:35",,,"Security","System.UInt32[]","System.Diagnostics.Eventing.Reader.EventBookmark","Information","Info","User Account Management","System.Collections.ObjectModel.ReadOnlyCollection`1[System.String]","System.Collections.Generic.List`1[System.Diagnostics.Eventing.Reader.EventProperty]"
"An account was logged off.

Subject:
	Security ID:		S-1-5-21-3073522288-1489926022-2671101856-1001
	Account Name:		Taral
	Account Domain:		DESKTOP-P2LJSMT
	Logon ID:		0xEDC6AFBB

Logon Type:			2

This event is generated when a logon session is destroyed. It may be positively correlated with a logon event using the Logon ID value. Logon IDs are only unique between reboots on the same computer.","4634","0",,"0","12545","0","-9214364837600034816","703619","Microsoft-Windows-Security-Auditing","54849625-5478-4994-a5ba-3e3b0328c30d","Security","1120","8588","DESKTOP-P2LJSMT",,"27-12-2024 06:43:35",,,"Security","System.UInt32[]","System.Diagnostics.Eventing.Reader.EventBookmark","Information","Info","User Account Management","System.Collections.ObjectModel.ReadOnlyCollection`1[System.String]","System.Collections.Generic.List`1[System.Diagnostics.Eventing.Reader.EventProperty]"
"An account was logged off.

Subject:
	Security ID:		S-1-5-21-3073522288-1489926022-2671101856-1001
	Account Name:		Taral
	Account Domain:		DESKTOP-P2LJSMT
	Logon ID:		0xEDC6C0D4

Logon Type:			7

This event is generated when a logon session is destroyed. It may be positively correlated with a logon event using the Logon ID value. Logon IDs are only unique between reboots on the same computer.","4634","0",,"0","12545","0","-9214364837600034816","703618","Microsoft-Windows-Security-Auditing","54849625-5478-4994-a5ba-3e3b0328c30d","Security","1120","11164","DESKTOP-P2LJSMT",,"27-12-2024 06:43:35",,,"Security","System.UInt32[]","System.Diagnostics.Eventing.Reader.EventBookmark","Information","Info","User Account Management","System.Collections.ObjectModel.ReadOnlyCollection`1[System.String]","System.Collections.Generic.List`1[System.Diagnostics.Eventing.Reader.EventProperty]"
"Special privileges assigned to new logon.

Subject:
	Security ID:		S-1-5-21-3073522288-1489926022-2671101856-1001
	Account Name:		taralpatel37@gmail.com
	Account Domain:		MicrosoftAccount
	Logon ID:		0xEDC6BE46

Privileges:		SeSecurityPrivilege
			SeTakeOwnershipPrivilege
			SeLoadDriverPrivilege
			SeBackupPrivilege
			SeRestorePrivilege
			SeDebugPrivilege
			SeSystemEnvironmentPrivilege
			SeImpersonatePrivilege
			SeDelegateSessionUserImpersonatePrivilege","4672","0",,"0","12548","0","-9214364837600034816","703617","Microsoft-Windows-Security-Auditing","54849625-5478-4994-a5ba-3e3b0328c30d","Security","1120","36364","DESKTOP-P2LJSMT",,"27-12-2024 06:43:35",,,"Security","System.UInt32[]","System.Diagnostics.Eventing.Reader.EventBookmark","Information","Info","User Account Management","System.Collections.ObjectModel.ReadOnlyCollection`1[System.String]","System.Collections.Generic.List`1[System.Diagnostics.Eventing.Reader.EventProperty]"
"An account was successfully logged on.

Subject:
	Security ID:		S-1-5-18
	Account Name:		DESKTOP-P2LJSMT$
	Account Domain:		WORKGROUP
	Logon ID:		0x3E7

Logon Information:
	Logon Type:		7
	Restricted Admin Mode:	-
	Remote Credential Guard:	-
	Virtual Account:		No
	Elevated Token:		No

Impersonation Level:		Impersonation

New Logon:
	Security ID:		S-1-5-21-3073522288-1489926022-2671101856-1001
	Account Name:		taralpatel37@gmail.com
	Account Domain:		MicrosoftAccount
	Logon ID:		0xEDC6C0D4
	Linked Logon ID:		0xEDC6BE46
	Network Account Name:	-
	Network Account Domain:	-
	Logon GUID:		{00000000-0000-0000-0000-000000000000}

Process Information:
	Process ID:		0x460
	Process Name:		C:\Windows\System32\lsass.exe

Network Information:
	Workstation Name:	DESKTOP-P2LJSMT
	Source Network Address:	-
	Source Port:		-

Detailed Authentication Information:
	Logon Process:		Negotiat
	Authentication Package:	Negotiate
	Transited Services:	-
	Package Name (NTLM only):	-
	Key Length:		0

This event is generated when a logon session is created. It is generated on the computer that was accessed.

The subject fields indicate the account on the local system which requested the logon. This is most commonly a service such as the Server service, or a local process such as Winlogon.exe or Services.exe.

The logon type field indicates the kind of logon that occurred. The most common types are 2 (interactive) and 3 (network).

The New Logon fields indicate the account for whom the new logon was created, i.e. the account that was logged on.

The network fields indicate where a remote logon request originated. Workstation name is not always available and may be left blank in some cases.

The impersonation level field indicates the extent to which a process in the logon session can impersonate.

The authentication information fields provide detailed information about this specific logon request.
	- Logon GUID is a unique identifier that can be used to correlate this event with a KDC event.
	- Transited services indicate which intermediate services have participated in this logon request.
	- Package name indicates which sub-protocol was used among the NTLM protocols.
	- Key length indicates the length of the generated session key. This will be 0 if no session key was requested.","4624","3",,"0","12544","0","-9214364837600034816","703616","Microsoft-Windows-Security-Auditing","54849625-5478-4994-a5ba-3e3b0328c30d","Security","1120","36364","DESKTOP-P2LJSMT",,"27-12-2024 06:43:35",,,"Security","System.UInt32[]","System.Diagnostics.Eventing.Reader.EventBookmark","Information","Info","User Account Management","System.Collections.ObjectModel.ReadOnlyCollection`1[System.String]","System.Collections.Generic.List`1[System.Diagnostics.Eventing.Reader.EventProperty]"
"An account was successfully logged on.

Subject:
	Security ID:		S-1-5-18
	Account Name:		DESKTOP-P2LJSMT$
	Account Domain:		WORKGROUP
	Logon ID:		0x3E7

Logon Information:
	Logon Type:		7
	Restricted Admin Mode:	-
	Remote Credential Guard:	-
	Virtual Account:		No
	Elevated Token:		Yes

Impersonation Level:		Impersonation

New Logon:
	Security ID:		S-1-5-21-3073522288-1489926022-2671101856-1001
	Account Name:		taralpatel37@gmail.com
	Account Domain:		MicrosoftAccount
	Logon ID:		0xEDC6BE46
	Linked Logon ID:		0xEDC6C0D4
	Network Account Name:	-
	Network Account Domain:	-
	Logon GUID:		{00000000-0000-0000-0000-000000000000}

Process Information:
	Process ID:		0x460
	Process Name:		C:\Windows\System32\lsass.exe

Network Information:
	Workstation Name:	DESKTOP-P2LJSMT
	Source Network Address:	-
	Source Port:		-

Detailed Authentication Information:
	Logon Process:		Negotiat
	Authentication Package:	Negotiate
	Transited Services:	-
	Package Name (NTLM only):	-
	Key Length:		0

This event is generated when a logon session is created. It is generated on the computer that was accessed.

The subject fields indicate the account on the local system which requested the logon. This is most commonly a service such as the Server service, or a local process such as Winlogon.exe or Services.exe.

The logon type field indicates the kind of logon that occurred. The most common types are 2 (interactive) and 3 (network).

The New Logon fields indicate the account for whom the new logon was created, i.e. the account that was logged on.

The network fields indicate where a remote logon request originated. Workstation name is not always available and may be left blank in some cases.

The impersonation level field indicates the extent to which a process in the logon session can impersonate.

The authentication information fields provide detailed information about this specific logon request.
	- Logon GUID is a unique identifier that can be used to correlate this event with a KDC event.
	- Transited services indicate which intermediate services have participated in this logon request.
	- Package name indicates which sub-protocol was used among the NTLM protocols.
	- Key length indicates the length of the generated session key. This will be 0 if no session key was requested.","4624","3",,"0","12544","0","-9214364837600034816","703615","Microsoft-Windows-Security-Auditing","54849625-5478-4994-a5ba-3e3b0328c30d","Security","1120","36364","DESKTOP-P2LJSMT",,"27-12-2024 06:43:35",,,"Security","System.UInt32[]","System.Diagnostics.Eventing.Reader.EventBookmark","Information","Info","User Account Management","System.Collections.ObjectModel.ReadOnlyCollection`1[System.String]","System.Collections.Generic.List`1[System.Diagnostics.Eventing.Reader.EventProperty]"
"A logon was attempted using explicit credentials.

Subject:
	Security ID:		S-1-5-18
	Account Name:		DESKTOP-P2LJSMT$
	Account Domain:		WORKGROUP
	Logon ID:		0x3E7
	Logon GUID:		{00000000-0000-0000-0000-000000000000}

Account Whose Credentials Were Used:
	Account Name:		taralpatel37@gmail.com
	Account Domain:		MicrosoftAccount
	Logon GUID:		{00000000-0000-0000-0000-000000000000}

Target Server:
	Target Server Name:	localhost
	Additional Information:	localhost

Process Information:
	Process ID:		0x460
	Process Name:		C:\Windows\System32\lsass.exe

Network Information:
	Network Address:	-
	Port:			-

This event is generated when a process attempts to log on an account by explicitly specifying that account?s credentials.  This most commonly occurs in batch-type configurations such as scheduled tasks, or when using the RUNAS command.","4648","0",,"0","12544","0","-9214364837600034816","703614","Microsoft-Windows-Security-Auditing","54849625-5478-4994-a5ba-3e3b0328c30d","Security","1120","36364","DESKTOP-P2LJSMT",,"27-12-2024 06:43:35",,,"Security","System.UInt32[]","System.Diagnostics.Eventing.Reader.EventBookmark","Information","Info","User Account Management","System.Collections.ObjectModel.ReadOnlyCollection`1[System.String]","System.Collections.Generic.List`1[System.Diagnostics.Eventing.Reader.EventProperty]"
"A user account was changed.

Subject:
	Security ID:		S-1-5-18
	Account Name:		DESKTOP-P2LJSMT$
	Account Domain:		WORKGROUP
	Logon ID:		0x3E7

Target Account:
	Security ID:		S-1-5-21-3073522288-1489926022-2671101856-1001
	Account Name:		Taral
	Account Domain:		DESKTOP-P2LJSMT

Changed Attributes:
	SAM Account Name:	-
	Display Name:		taral patel
	User Principal Name:	-
	Home Directory:		-
	Home Drive:		-
	Script Path:		-
	Profile Path:		-
	User Workstations:	-
	Password Last Set:	-
	Account Expires:		-
	Primary Group ID:	-
	AllowedToDelegateTo:	-
	Old UAC Value:		-
	New UAC Value:		-
	User Account Control:	-
	User Parameters:	-
	SID History:		-
	Logon Hours:		-

Additional Information:
	Privileges:		-","4738","0",,"0","13824","0","-9214364837600034816","703613","Microsoft-Windows-Security-Auditing","54849625-5478-4994-a5ba-3e3b0328c30d","Security","1120","36364","DESKTOP-P2LJSMT",,"27-12-2024 06:43:35","5eb8269d-3c6a-0004-3442-9e626a3cdb01",,"Security","System.UInt32[]","System.Diagnostics.Eventing.Reader.EventBookmark","Information","Info","User Account Management","System.Collections.ObjectModel.ReadOnlyCollection`1[System.String]","System.Collections.Generic.List`1[System.Diagnostics.Eventing.Reader.EventProperty]"
"Vault credentials were read.

Subject:
	Security ID:		S-1-5-18
	Account Name:		DESKTOP-P2LJSMT$
	Account Domain:		WORKGROUP
	Logon ID:		0x3E7

This event occurs when a user reads a stored vault credential.","5382","0",,"0","13824","0","-9214364837600034816","703612","Microsoft-Windows-Security-Auditing","54849625-5478-4994-a5ba-3e3b0328c30d","Security","1120","32580","DESKTOP-P2LJSMT",,"27-12-2024 06:43:35",,,"Security","System.UInt32[]","System.Diagnostics.Eventing.Reader.EventBookmark","Information","Info","User Account Management","System.Collections.ObjectModel.ReadOnlyCollection`1[System.String]","System.Collections.Generic.List`1[System.Diagnostics.Eventing.Reader.EventProperty]"
"Key migration operation.

Subject:
	Security ID:		S-1-5-19
	Account Name:		LOCAL SERVICE
	Account Domain:		NT AUTHORITY
	Logon ID:		0x3E5

Process Information:
	Process ID:		4724
	Process Creation Time:	?2024?-?11?-?21T23:09:24.479847200Z

Cryptographic Parameters:
	Provider Name:	Microsoft Software Key Storage Provider
	Algorithm Name:	RSA
	Key Name:	{D0FD508F-ABBE-45EB-A9D7-1812F84202B5}
	Key Type:	User key.

Additional Information:
	Operation:	Export of persistent cryptographic key.
	Return Code:	0x0","5059","1",,"0","12292","0","-9214364837600034816","703611","Microsoft-Windows-Security-Auditing","54849625-5478-4994-a5ba-3e3b0328c30d","Security","1120","1236","DESKTOP-P2LJSMT",,"27-12-2024 06:43:35","5eb8269d-3c6a-0002-4639-b85e6a3cdb01",,"Security","System.UInt32[]","System.Diagnostics.Eventing.Reader.EventBookmark","Information","Info","User Account Management","System.Collections.ObjectModel.ReadOnlyCollection`1[System.String]","System.Collections.Generic.List`1[System.Diagnostics.Eventing.Reader.EventProperty]"
"Key migration operation.

Subject:
	Security ID:		S-1-5-19
	Account Name:		LOCAL SERVICE
	Account Domain:		NT AUTHORITY
	Logon ID:		0x3E5

Process Information:
	Process ID:		4724
	Process Creation Time:	?2024?-?11?-?21T23:09:24.479847200Z

Cryptographic Parameters:
	Provider Name:	Microsoft Software Key Storage Provider
	Algorithm Name:	RSA
	Key Name:	{D0FD508F-ABBE-45EB-A9D7-1812F84202B5}
	Key Type:	User key.

Additional Information:
	Operation:	Export of persistent cryptographic key.
	Return Code:	0x0","5059","1",,"0","12292","0","-9214364837600034816","703610","Microsoft-Windows-Security-Auditing","54849625-5478-4994-a5ba-3e3b0328c30d","Security","1120","1236","DESKTOP-P2LJSMT",,"27-12-2024 06:43:35","5eb8269d-3c6a-0002-4639-b85e6a3cdb01",,"Security","System.UInt32[]","System.Diagnostics.Eventing.Reader.EventBookmark","Information","Info","User Account Management","System.Collections.ObjectModel.ReadOnlyCollection`1[System.String]","System.Collections.Generic.List`1[System.Diagnostics.Eventing.Reader.EventProperty]"
"Special privileges assigned to new logon.

Subject:
	Security ID:		S-1-5-21-3073522288-1489926022-2671101856-1001
	Account Name:		taralpatel37@gmail.com
	Account Domain:		MicrosoftAccount
	Logon ID:		0xEDC6AEE4

Privileges:		SeSecurityPrivilege
			SeTakeOwnershipPrivilege
			SeLoadDriverPrivilege
			SeBackupPrivilege
			SeRestorePrivilege
			SeDebugPrivilege
			SeSystemEnvironmentPrivilege
			SeImpersonatePrivilege
			SeDelegateSessionUserImpersonatePrivilege","4672","0",,"0","12548","0","-9214364837600034816","703609","Microsoft-Windows-Security-Auditing","54849625-5478-4994-a5ba-3e3b0328c30d","Security","1120","1236","DESKTOP-P2LJSMT",,"27-12-2024 06:43:35","5eb8269d-3c6a-0002-4639-b85e6a3cdb01",,"Security","System.UInt32[]","System.Diagnostics.Eventing.Reader.EventBookmark","Information","Info","User Account Management","System.Collections.ObjectModel.ReadOnlyCollection`1[System.String]","System.Collections.Generic.List`1[System.Diagnostics.Eventing.Reader.EventProperty]"
"An account was successfully logged on.

Subject:
	Security ID:		S-1-5-18
	Account Name:		DESKTOP-P2LJSMT$
	Account Domain:		WORKGROUP
	Logon ID:		0x3E7

Logon Information:
	Logon Type:		11
	Restricted Admin Mode:	-
	Remote Credential Guard:	-
	Virtual Account:		No
	Elevated Token:		No

Impersonation Level:		Impersonation

New Logon:
	Security ID:		S-1-5-21-3073522288-1489926022-2671101856-1001
	Account Name:		taralpatel37@gmail.com
	Account Domain:		MicrosoftAccount
	Logon ID:		0xEDC6AFBB
	Linked Logon ID:		0xEDC6AEE4
	Network Account Name:	-
	Network Account Domain:	-
	Logon GUID:		{00000000-0000-0000-0000-000000000000}

Process Information:
	Process ID:		0xaa8
	Process Name:		C:\Windows\System32\svchost.exe

Network Information:
	Workstation Name:	DESKTOP-P2LJSMT
	Source Network Address:	127.0.0.1
	Source Port:		0

Detailed Authentication Information:
	Logon Process:		User32 
	Authentication Package:	Negotiate
	Transited Services:	-
	Package Name (NTLM only):	-
	Key Length:		0

This event is generated when a logon session is created. It is generated on the computer that was accessed.

The subject fields indicate the account on the local system which requested the logon. This is most commonly a service such as the Server service, or a local process such as Winlogon.exe or Services.exe.

The logon type field indicates the kind of logon that occurred. The most common types are 2 (interactive) and 3 (network).

The New Logon fields indicate the account for whom the new logon was created, i.e. the account that was logged on.

The network fields indicate where a remote logon request originated. Workstation name is not always available and may be left blank in some cases.

The impersonation level field indicates the extent to which a process in the logon session can impersonate.

The authentication information fields provide detailed information about this specific logon request.
	- Logon GUID is a unique identifier that can be used to correlate this event with a KDC event.
	- Transited services indicate which intermediate services have participated in this logon request.
	- Package name indicates which sub-protocol was used among the NTLM protocols.
	- Key length indicates the length of the generated session key. This will be 0 if no session key was requested.","4624","3",,"0","12544","0","-9214364837600034816","703608","Microsoft-Windows-Security-Auditing","54849625-5478-4994-a5ba-3e3b0328c30d","Security","1120","1236","DESKTOP-P2LJSMT",,"27-12-2024 06:43:35","5eb8269d-3c6a-0002-4639-b85e6a3cdb01",,"Security","System.UInt32[]","System.Diagnostics.Eventing.Reader.EventBookmark","Information","Info","User Account Management","System.Collections.ObjectModel.ReadOnlyCollection`1[System.String]","System.Collections.Generic.List`1[System.Diagnostics.Eventing.Reader.EventProperty]"
"An account was successfully logged on.

Subject:
	Security ID:		S-1-5-18
	Account Name:		DESKTOP-P2LJSMT$
	Account Domain:		WORKGROUP
	Logon ID:		0x3E7

Logon Information:
	Logon Type:		11
	Restricted Admin Mode:	-
	Remote Credential Guard:	-
	Virtual Account:		No
	Elevated Token:		Yes

Impersonation Level:		Impersonation

New Logon:
	Security ID:		S-1-5-21-3073522288-1489926022-2671101856-1001
	Account Name:		taralpatel37@gmail.com
	Account Domain:		MicrosoftAccount
	Logon ID:		0xEDC6AEE4
	Linked Logon ID:		0xEDC6AFBB
	Network Account Name:	-
	Network Account Domain:	-
	Logon GUID:		{00000000-0000-0000-0000-000000000000}

Process Information:
	Process ID:		0xaa8
	Process Name:		C:\Windows\System32\svchost.exe

Network Information:
	Workstation Name:	DESKTOP-P2LJSMT
	Source Network Address:	127.0.0.1
	Source Port:		0

Detailed Authentication Information:
	Logon Process:		User32 
	Authentication Package:	Negotiate
	Transited Services:	-
	Package Name (NTLM only):	-
	Key Length:		0

This event is generated when a logon session is created. It is generated on the computer that was accessed.

The subject fields indicate the account on the local system which requested the logon. This is most commonly a service such as the Server service, or a local process such as Winlogon.exe or Services.exe.

The logon type field indicates the kind of logon that occurred. The most common types are 2 (interactive) and 3 (network).

The New Logon fields indicate the account for whom the new logon was created, i.e. the account that was logged on.

The network fields indicate where a remote logon request originated. Workstation name is not always available and may be left blank in some cases.

The impersonation level field indicates the extent to which a process in the logon session can impersonate.

The authentication information fields provide detailed information about this specific logon request.
	- Logon GUID is a unique identifier that can be used to correlate this event with a KDC event.
	- Transited services indicate which intermediate services have participated in this logon request.
	- Package name indicates which sub-protocol was used among the NTLM protocols.
	- Key length indicates the length of the generated session key. This will be 0 if no session key was requested.","4624","3",,"0","12544","0","-9214364837600034816","703607","Microsoft-Windows-Security-Auditing","54849625-5478-4994-a5ba-3e3b0328c30d","Security","1120","1236","DESKTOP-P2LJSMT",,"27-12-2024 06:43:35","5eb8269d-3c6a-0002-4639-b85e6a3cdb01",,"Security","System.UInt32[]","System.Diagnostics.Eventing.Reader.EventBookmark","Information","Info","User Account Management","System.Collections.ObjectModel.ReadOnlyCollection`1[System.String]","System.Collections.Generic.List`1[System.Diagnostics.Eventing.Reader.EventProperty]"
"A logon was attempted using explicit credentials.

Subject:
	Security ID:		S-1-5-18
	Account Name:		DESKTOP-P2LJSMT$
	Account Domain:		WORKGROUP
	Logon ID:		0x3E7
	Logon GUID:		{00000000-0000-0000-0000-000000000000}

Account Whose Credentials Were Used:
	Account Name:		taralpatel37@gmail.com
	Account Domain:		MicrosoftAccount
	Logon GUID:		{00000000-0000-0000-0000-000000000000}

Target Server:
	Target Server Name:	localhost
	Additional Information:	localhost

Process Information:
	Process ID:		0xaa8
	Process Name:		C:\Windows\System32\svchost.exe

Network Information:
	Network Address:	127.0.0.1
	Port:			0

This event is generated when a process attempts to log on an account by explicitly specifying that account?s credentials.  This most commonly occurs in batch-type configurations such as scheduled tasks, or when using the RUNAS command.","4648","0",,"0","12544","0","-9214364837600034816","703606","Microsoft-Windows-Security-Auditing","54849625-5478-4994-a5ba-3e3b0328c30d","Security","1120","1236","DESKTOP-P2LJSMT",,"27-12-2024 06:43:35","5eb8269d-3c6a-0002-4639-b85e6a3cdb01",,"Security","System.UInt32[]","System.Diagnostics.Eventing.Reader.EventBookmark","Information","Info","User Account Management","System.Collections.ObjectModel.ReadOnlyCollection`1[System.String]","System.Collections.Generic.List`1[System.Diagnostics.Eventing.Reader.EventProperty]"
"A user account was changed.

Subject:
	Security ID:		S-1-5-18
	Account Name:		DESKTOP-P2LJSMT$
	Account Domain:		WORKGROUP
	Logon ID:		0x3E7

Target Account:
	Security ID:		S-1-5-21-3073522288-1489926022-2671101856-1001
	Account Name:		Taral
	Account Domain:		DESKTOP-P2LJSMT

Changed Attributes:
	SAM Account Name:	-
	Display Name:		taral patel
	User Principal Name:	-
	Home Directory:		-
	Home Drive:		-
	Script Path:		-
	Profile Path:		-
	User Workstations:	-
	Password Last Set:	-
	Account Expires:		-
	Primary Group ID:	-
	AllowedToDelegateTo:	-
	Old UAC Value:		-
	New UAC Value:		-
	User Account Control:	-
	User Parameters:	-
	SID History:		-
	Logon Hours:		-

Additional Information:
	Privileges:		-","4738","0",,"0","13824","0","-9214364837600034816","703605","Microsoft-Windows-Security-Auditing","54849625-5478-4994-a5ba-3e3b0328c30d","Security","1120","1236","DESKTOP-P2LJSMT",,"27-12-2024 06:43:35","5eb8269d-3c6a-0004-3041-9e626a3cdb01",,"Security","System.UInt32[]","System.Diagnostics.Eventing.Reader.EventBookmark","Information","Info","User Account Management","System.Collections.ObjectModel.ReadOnlyCollection`1[System.String]","System.Collections.Generic.List`1[System.Diagnostics.Eventing.Reader.EventProperty]"
"Key migration operation.

Subject:
	Security ID:		S-1-5-19
	Account Name:		LOCAL SERVICE
	Account Domain:		NT AUTHORITY
	Logon ID:		0x3E5

Process Information:
	Process ID:		4724
	Process Creation Time:	?2024?-?11?-?21T23:09:24.479847200Z

Cryptographic Parameters:
	Provider Name:	Microsoft Software Key Storage Provider
	Algorithm Name:	RSA
	Key Name:	{D0FD508F-ABBE-45EB-A9D7-1812F84202B5}
	Key Type:	User key.

Additional Information:
	Operation:	Export of persistent cryptographic key.
	Return Code:	0x0","5059","1",,"0","12292","0","-9214364837600034816","703604","Microsoft-Windows-Security-Auditing","54849625-5478-4994-a5ba-3e3b0328c30d","Security","1120","32580","DESKTOP-P2LJSMT",,"27-12-2024 06:43:35","5eb8269d-3c6a-0002-4639-b85e6a3cdb01",,"Security","System.UInt32[]","System.Diagnostics.Eventing.Reader.EventBookmark","Information","Info","User Account Management","System.Collections.ObjectModel.ReadOnlyCollection`1[System.String]","System.Collections.Generic.List`1[System.Diagnostics.Eventing.Reader.EventProperty]"
"Key migration operation.

Subject:
	Security ID:		S-1-5-19
	Account Name:		LOCAL SERVICE
	Account Domain:		NT AUTHORITY
	Logon ID:		0x3E5

Process Information:
	Process ID:		4724
	Process Creation Time:	?2024?-?11?-?21T23:09:24.479847200Z

Cryptographic Parameters:
	Provider Name:	Microsoft Software Key Storage Provider
	Algorithm Name:	RSA
	Key Name:	{D0FD508F-ABBE-45EB-A9D7-1812F84202B5}
	Key Type:	User key.

Additional Information:
	Operation:	Export of persistent cryptographic key.
	Return Code:	0x0","5059","1",,"0","12292","0","-9214364837600034816","703603","Microsoft-Windows-Security-Auditing","54849625-5478-4994-a5ba-3e3b0328c30d","Security","1120","32580","DESKTOP-P2LJSMT",,"27-12-2024 06:43:35","5eb8269d-3c6a-0002-4639-b85e6a3cdb01",,"Security","System.UInt32[]","System.Diagnostics.Eventing.Reader.EventBookmark","Information","Info","User Account Management","System.Collections.ObjectModel.ReadOnlyCollection`1[System.String]","System.Collections.Generic.List`1[System.Diagnostics.Eventing.Reader.EventProperty]"
"Vault credentials were read.

Subject:
	Security ID:		S-1-5-18
	Account Name:		DESKTOP-P2LJSMT$
	Account Domain:		WORKGROUP
	Logon ID:		0x3E7

This event occurs when a user reads a stored vault credential.","5382","0",,"0","13824","0","-9214364837600034816","703602","Microsoft-Windows-Security-Auditing","54849625-5478-4994-a5ba-3e3b0328c30d","Security","1120","1236","DESKTOP-P2LJSMT",,"27-12-2024 06:43:35",,,"Security","System.UInt32[]","System.Diagnostics.Eventing.Reader.EventBookmark","Information","Info","User Account Management","System.Collections.ObjectModel.ReadOnlyCollection`1[System.String]","System.Collections.Generic.List`1[System.Diagnostics.Eventing.Reader.EventProperty]"
"Cryptographic operation.

Subject:
	Security ID:		S-1-5-21-3073522288-1489926022-2671101856-1001
	Account Name:		Taral
	Account Domain:		DESKTOP-P2LJSMT
	Logon ID:		0x96F7A

Cryptographic Parameters:
	Provider Name:	Microsoft Software Key Storage Provider
	Algorithm Name:	RSA
	Key Name:	TB_0_microsoft.com
	Key Type:	User key.

Cryptographic Operation:
	Operation:	Open Key.
	Return Code:	0x0","5061","0",,"0","12290","0","-9214364837600034816","703601","Microsoft-Windows-Security-Auditing","54849625-5478-4994-a5ba-3e3b0328c30d","Security","1120","1236","DESKTOP-P2LJSMT",,"27-12-2024 06:43:34","5eb8269d-3c6a-0002-4639-b85e6a3cdb01",,"Security","System.UInt32[]","System.Diagnostics.Eventing.Reader.EventBookmark","Information","Info","User Account Management","System.Collections.ObjectModel.ReadOnlyCollection`1[System.String]","System.Collections.Generic.List`1[System.Diagnostics.Eventing.Reader.EventProperty]"
"Cryptographic operation.

Subject:
	Security ID:		S-1-5-21-3073522288-1489926022-2671101856-1001
	Account Name:		Taral
	Account Domain:		DESKTOP-P2LJSMT
	Logon ID:		0x96F7A

Cryptographic Parameters:
	Provider Name:	Microsoft Software Key Storage Provider
	Algorithm Name:	RSA
	Key Name:	TB_0_microsoft.com
	Key Type:	User key.

Cryptographic Operation:
	Operation:	Open Key.
	Return Code:	0x0","5061","0",,"0","12290","0","-9214364837600034816","703600","Microsoft-Windows-Security-Auditing","54849625-5478-4994-a5ba-3e3b0328c30d","Security","1120","32580","DESKTOP-P2LJSMT",,"27-12-2024 06:43:34","5eb8269d-3c6a-0002-4639-b85e6a3cdb01",,"Security","System.UInt32[]","System.Diagnostics.Eventing.Reader.EventBookmark","Information","Info","User Account Management","System.Collections.ObjectModel.ReadOnlyCollection`1[System.String]","System.Collections.Generic.List`1[System.Diagnostics.Eventing.Reader.EventProperty]"
"Credential Manager credentials were read.

Subject:
	Security ID:		S-1-5-21-3073522288-1489926022-2671101856-1001
	Account Name:		Taral
	Account Domain:		DESKTOP-P2LJSMT
	Logon ID:		0x96F7A
	Read Operation:		Enumerate Credentials

This event occurs when a user performs a read operation on stored credentials in Credential Manager.","5379","0",,"0","13824","0","-9214364837600034816","703599","Microsoft-Windows-Security-Auditing","54849625-5478-4994-a5ba-3e3b0328c30d","Security","1120","23972","DESKTOP-P2LJSMT",,"27-12-2024 06:43:34","5eb8269d-3c6a-0002-4639-b85e6a3cdb01",,"Security","System.UInt32[]","System.Diagnostics.Eventing.Reader.EventBookmark","Information","Info","User Account Management","System.Collections.ObjectModel.ReadOnlyCollection`1[System.String]","System.Collections.Generic.List`1[System.Diagnostics.Eventing.Reader.EventProperty]"
"Credential Manager credentials were read.

Subject:
	Security ID:		S-1-5-21-3073522288-1489926022-2671101856-1001
	Account Name:		Taral
	Account Domain:		DESKTOP-P2LJSMT
	Logon ID:		0x96F7A
	Read Operation:		Enumerate Credentials

This event occurs when a user performs a read operation on stored credentials in Credential Manager.","5379","0",,"0","13824","0","-9214364837600034816","703598","Microsoft-Windows-Security-Auditing","54849625-5478-4994-a5ba-3e3b0328c30d","Security","1120","23972","DESKTOP-P2LJSMT",,"27-12-2024 06:43:34","5eb8269d-3c6a-0002-4639-b85e6a3cdb01",,"Security","System.UInt32[]","System.Diagnostics.Eventing.Reader.EventBookmark","Information","Info","User Account Management","System.Collections.ObjectModel.ReadOnlyCollection`1[System.String]","System.Collections.Generic.List`1[System.Diagnostics.Eventing.Reader.EventProperty]"
"Credential Manager credentials were read.

Subject:
	Security ID:		S-1-5-21-3073522288-1489926022-2671101856-1001
	Account Name:		Taral
	Account Domain:		DESKTOP-P2LJSMT
	Logon ID:		0x96F7A
	Read Operation:		Enumerate Credentials

This event occurs when a user performs a read operation on stored credentials in Credential Manager.","5379","0",,"0","13824","0","-9214364837600034816","703597","Microsoft-Windows-Security-Auditing","54849625-5478-4994-a5ba-3e3b0328c30d","Security","1120","23972","DESKTOP-P2LJSMT",,"27-12-2024 06:43:34","5eb8269d-3c6a-0002-4639-b85e6a3cdb01",,"Security","System.UInt32[]","System.Diagnostics.Eventing.Reader.EventBookmark","Information","Info","User Account Management","System.Collections.ObjectModel.ReadOnlyCollection`1[System.String]","System.Collections.Generic.List`1[System.Diagnostics.Eventing.Reader.EventProperty]"
"Credential Manager credentials were read.

Subject:
	Security ID:		S-1-5-21-3073522288-1489926022-2671101856-1001
	Account Name:		Taral
	Account Domain:		DESKTOP-P2LJSMT
	Logon ID:		0x96F7A
	Read Operation:		Enumerate Credentials

This event occurs when a user performs a read operation on stored credentials in Credential Manager.","5379","0",,"0","13824","0","-9214364837600034816","703596","Microsoft-Windows-Security-Auditing","54849625-5478-4994-a5ba-3e3b0328c30d","Security","1120","23972","DESKTOP-P2LJSMT",,"27-12-2024 06:43:34","5eb8269d-3c6a-0002-4639-b85e6a3cdb01",,"Security","System.UInt32[]","System.Diagnostics.Eventing.Reader.EventBookmark","Information","Info","User Account Management","System.Collections.ObjectModel.ReadOnlyCollection`1[System.String]","System.Collections.Generic.List`1[System.Diagnostics.Eventing.Reader.EventProperty]"
"Credential Manager credentials were read.

Subject:
	Security ID:		S-1-5-21-3073522288-1489926022-2671101856-1001
	Account Name:		Taral
	Account Domain:		DESKTOP-P2LJSMT
	Logon ID:		0x96F7A
	Read Operation:		Enumerate Credentials

This event occurs when a user performs a read operation on stored credentials in Credential Manager.","5379","0",,"0","13824","0","-9214364837600034816","703595","Microsoft-Windows-Security-Auditing","54849625-5478-4994-a5ba-3e3b0328c30d","Security","1120","23972","DESKTOP-P2LJSMT",,"27-12-2024 06:43:34","5eb8269d-3c6a-0002-4639-b85e6a3cdb01",,"Security","System.UInt32[]","System.Diagnostics.Eventing.Reader.EventBookmark","Information","Info","User Account Management","System.Collections.ObjectModel.ReadOnlyCollection`1[System.String]","System.Collections.Generic.List`1[System.Diagnostics.Eventing.Reader.EventProperty]"
"Credential Manager credentials were read.

Subject:
	Security ID:		S-1-5-21-3073522288-1489926022-2671101856-1001
	Account Name:		Taral
	Account Domain:		DESKTOP-P2LJSMT
	Logon ID:		0x96F7A
	Read Operation:		Enumerate Credentials

This event occurs when a user performs a read operation on stored credentials in Credential Manager.","5379","0",,"0","13824","0","-9214364837600034816","703594","Microsoft-Windows-Security-Auditing","54849625-5478-4994-a5ba-3e3b0328c30d","Security","1120","23972","DESKTOP-P2LJSMT",,"27-12-2024 06:43:34","5eb8269d-3c6a-0002-4639-b85e6a3cdb01",,"Security","System.UInt32[]","System.Diagnostics.Eventing.Reader.EventBookmark","Information","Info","User Account Management","System.Collections.ObjectModel.ReadOnlyCollection`1[System.String]","System.Collections.Generic.List`1[System.Diagnostics.Eventing.Reader.EventProperty]"
"Credential Manager credentials were read.

Subject:
	Security ID:		S-1-5-21-3073522288-1489926022-2671101856-1001
	Account Name:		Taral
	Account Domain:		DESKTOP-P2LJSMT
	Logon ID:		0x96F7A
	Read Operation:		Enumerate Credentials

This event occurs when a user performs a read operation on stored credentials in Credential Manager.","5379","0",,"0","13824","0","-9214364837600034816","703593","Microsoft-Windows-Security-Auditing","54849625-5478-4994-a5ba-3e3b0328c30d","Security","1120","23972","DESKTOP-P2LJSMT",,"27-12-2024 06:43:34","5eb8269d-3c6a-0002-4639-b85e6a3cdb01",,"Security","System.UInt32[]","System.Diagnostics.Eventing.Reader.EventBookmark","Information","Info","User Account Management","System.Collections.ObjectModel.ReadOnlyCollection`1[System.String]","System.Collections.Generic.List`1[System.Diagnostics.Eventing.Reader.EventProperty]"
"Credential Manager credentials were read.

Subject:
	Security ID:		S-1-5-21-3073522288-1489926022-2671101856-1001
	Account Name:		Taral
	Account Domain:		DESKTOP-P2LJSMT
	Logon ID:		0x96F7A
	Read Operation:		Enumerate Credentials

This event occurs when a user performs a read operation on stored credentials in Credential Manager.","5379","0",,"0","13824","0","-9214364837600034816","703592","Microsoft-Windows-Security-Auditing","54849625-5478-4994-a5ba-3e3b0328c30d","Security","1120","11164","DESKTOP-P2LJSMT",,"27-12-2024 06:43:34","5eb8269d-3c6a-0002-4639-b85e6a3cdb01",,"Security","System.UInt32[]","System.Diagnostics.Eventing.Reader.EventBookmark","Information","Info","User Account Management","System.Collections.ObjectModel.ReadOnlyCollection`1[System.String]","System.Collections.Generic.List`1[System.Diagnostics.Eventing.Reader.EventProperty]"
"Credential Manager credentials were read.

Subject:
	Security ID:		S-1-5-21-3073522288-1489926022-2671101856-1001
	Account Name:		Taral
	Account Domain:		DESKTOP-P2LJSMT
	Logon ID:		0x96F7A
	Read Operation:		Enumerate Credentials

This event occurs when a user performs a read operation on stored credentials in Credential Manager.","5379","0",,"0","13824","0","-9214364837600034816","703591","Microsoft-Windows-Security-Auditing","54849625-5478-4994-a5ba-3e3b0328c30d","Security","1120","11164","DESKTOP-P2LJSMT",,"27-12-2024 06:43:34","5eb8269d-3c6a-0002-4639-b85e6a3cdb01",,"Security","System.UInt32[]","System.Diagnostics.Eventing.Reader.EventBookmark","Information","Info","User Account Management","System.Collections.ObjectModel.ReadOnlyCollection`1[System.String]","System.Collections.Generic.List`1[System.Diagnostics.Eventing.Reader.EventProperty]"
"Credential Manager credentials were read.

Subject:
	Security ID:		S-1-5-21-3073522288-1489926022-2671101856-1001
	Account Name:		Taral
	Account Domain:		DESKTOP-P2LJSMT
	Logon ID:		0x96F7A
	Read Operation:		Enumerate Credentials

This event occurs when a user performs a read operation on stored credentials in Credential Manager.","5379","0",,"0","13824","0","-9214364837600034816","703590","Microsoft-Windows-Security-Auditing","54849625-5478-4994-a5ba-3e3b0328c30d","Security","1120","11164","DESKTOP-P2LJSMT",,"27-12-2024 06:43:34","5eb8269d-3c6a-0002-4639-b85e6a3cdb01",,"Security","System.UInt32[]","System.Diagnostics.Eventing.Reader.EventBookmark","Information","Info","User Account Management","System.Collections.ObjectModel.ReadOnlyCollection`1[System.String]","System.Collections.Generic.List`1[System.Diagnostics.Eventing.Reader.EventProperty]"
"Credential Manager credentials were read.

Subject:
	Security ID:		S-1-5-21-3073522288-1489926022-2671101856-1001
	Account Name:		Taral
	Account Domain:		DESKTOP-P2LJSMT
	Logon ID:		0x96F7A
	Read Operation:		Enumerate Credentials

This event occurs when a user performs a read operation on stored credentials in Credential Manager.","5379","0",,"0","13824","0","-9214364837600034816","703589","Microsoft-Windows-Security-Auditing","54849625-5478-4994-a5ba-3e3b0328c30d","Security","1120","11164","DESKTOP-P2LJSMT",,"27-12-2024 06:43:34","5eb8269d-3c6a-0002-4639-b85e6a3cdb01",,"Security","System.UInt32[]","System.Diagnostics.Eventing.Reader.EventBookmark","Information","Info","User Account Management","System.Collections.ObjectModel.ReadOnlyCollection`1[System.String]","System.Collections.Generic.List`1[System.Diagnostics.Eventing.Reader.EventProperty]"
"Credential Manager credentials were read.

Subject:
	Security ID:		S-1-5-21-3073522288-1489926022-2671101856-1001
	Account Name:		Taral
	Account Domain:		DESKTOP-P2LJSMT
	Logon ID:		0x96F7A
	Read Operation:		Enumerate Credentials

This event occurs when a user performs a read operation on stored credentials in Credential Manager.","5379","0",,"0","13824","0","-9214364837600034816","703588","Microsoft-Windows-Security-Auditing","54849625-5478-4994-a5ba-3e3b0328c30d","Security","1120","11164","DESKTOP-P2LJSMT",,"27-12-2024 06:43:34","5eb8269d-3c6a-0002-4639-b85e6a3cdb01",,"Security","System.UInt32[]","System.Diagnostics.Eventing.Reader.EventBookmark","Information","Info","User Account Management","System.Collections.ObjectModel.ReadOnlyCollection`1[System.String]","System.Collections.Generic.List`1[System.Diagnostics.Eventing.Reader.EventProperty]"
"Cryptographic operation.

Subject:
	Security ID:		S-1-5-21-3073522288-1489926022-2671101856-1001
	Account Name:		Taral
	Account Domain:		DESKTOP-P2LJSMT
	Logon ID:		0x96F7A

Cryptographic Parameters:
	Provider Name:	Microsoft Software Key Storage Provider
	Algorithm Name:	RSA
	Key Name:	TB_0_microsoft.com
	Key Type:	User key.

Cryptographic Operation:
	Operation:	Open Key.
	Return Code:	0x0","5061","0",,"0","12290","0","-9214364837600034816","703587","Microsoft-Windows-Security-Auditing","54849625-5478-4994-a5ba-3e3b0328c30d","Security","1120","23972","DESKTOP-P2LJSMT",,"27-12-2024 06:43:34","5eb8269d-3c6a-0002-4639-b85e6a3cdb01",,"Security","System.UInt32[]","System.Diagnostics.Eventing.Reader.EventBookmark","Information","Info","User Account Management","System.Collections.ObjectModel.ReadOnlyCollection`1[System.String]","System.Collections.Generic.List`1[System.Diagnostics.Eventing.Reader.EventProperty]"
"Cryptographic operation.

Subject:
	Security ID:		S-1-5-21-3073522288-1489926022-2671101856-1001
	Account Name:		Taral
	Account Domain:		DESKTOP-P2LJSMT
	Logon ID:		0x96F7A

Cryptographic Parameters:
	Provider Name:	Microsoft Software Key Storage Provider
	Algorithm Name:	RSA
	Key Name:	TB_0_microsoft.com
	Key Type:	User key.

Cryptographic Operation:
	Operation:	Open Key.
	Return Code:	0x0","5061","0",,"0","12290","0","-9214364837600034816","703586","Microsoft-Windows-Security-Auditing","54849625-5478-4994-a5ba-3e3b0328c30d","Security","1120","1236","DESKTOP-P2LJSMT",,"27-12-2024 06:43:34","5eb8269d-3c6a-0002-4639-b85e6a3cdb01",,"Security","System.UInt32[]","System.Diagnostics.Eventing.Reader.EventBookmark","Information","Info","User Account Management","System.Collections.ObjectModel.ReadOnlyCollection`1[System.String]","System.Collections.Generic.List`1[System.Diagnostics.Eventing.Reader.EventProperty]"
"Special privileges assigned to new logon.

Subject:
	Security ID:		S-1-5-18
	Account Name:		SYSTEM
	Account Domain:		NT AUTHORITY
	Logon ID:		0x3E7

Privileges:		SeAssignPrimaryTokenPrivilege
			SeTcbPrivilege
			SeSecurityPrivilege
			SeTakeOwnershipPrivilege
			SeLoadDriverPrivilege
			SeBackupPrivilege
			SeRestorePrivilege
			SeDebugPrivilege
			SeAuditPrivilege
			SeSystemEnvironmentPrivilege
			SeImpersonatePrivilege
			SeDelegateSessionUserImpersonatePrivilege","4672","0",,"0","12548","0","-9214364837600034816","703585","Microsoft-Windows-Security-Auditing","54849625-5478-4994-a5ba-3e3b0328c30d","Security","1120","1236","DESKTOP-P2LJSMT",,"27-12-2024 06:43:34","5eb8269d-3c6a-0002-4639-b85e6a3cdb01",,"Security","System.UInt32[]","System.Diagnostics.Eventing.Reader.EventBookmark","Information","Info","User Account Management","System.Collections.ObjectModel.ReadOnlyCollection`1[System.String]","System.Collections.Generic.List`1[System.Diagnostics.Eventing.Reader.EventProperty]"
"An account was successfully logged on.

Subject:
	Security ID:		S-1-5-18
	Account Name:		DESKTOP-P2LJSMT$
	Account Domain:		WORKGROUP
	Logon ID:		0x3E7

Logon Information:
	Logon Type:		5
	Restricted Admin Mode:	-
	Remote Credential Guard:	-
	Virtual Account:		No
	Elevated Token:		Yes

Impersonation Level:		Impersonation

New Logon:
	Security ID:		S-1-5-18
	Account Name:		SYSTEM
	Account Domain:		NT AUTHORITY
	Logon ID:		0x3E7
	Linked Logon ID:		0x0
	Network Account Name:	-
	Network Account Domain:	-
	Logon GUID:		{00000000-0000-0000-0000-000000000000}

Process Information:
	Process ID:		0x438
	Process Name:		C:\Windows\System32\services.exe

Network Information:
	Workstation Name:	-
	Source Network Address:	-
	Source Port:		-

Detailed Authentication Information:
	Logon Process:		Advapi  
	Authentication Package:	Negotiate
	Transited Services:	-
	Package Name (NTLM only):	-
	Key Length:		0

This event is generated when a logon session is created. It is generated on the computer that was accessed.

The subject fields indicate the account on the local system which requested the logon. This is most commonly a service such as the Server service, or a local process such as Winlogon.exe or Services.exe.

The logon type field indicates the kind of logon that occurred. The most common types are 2 (interactive) and 3 (network).

The New Logon fields indicate the account for whom the new logon was created, i.e. the account that was logged on.

The network fields indicate where a remote logon request originated. Workstation name is not always available and may be left blank in some cases.

The impersonation level field indicates the extent to which a process in the logon session can impersonate.

The authentication information fields provide detailed information about this specific logon request.
	- Logon GUID is a unique identifier that can be used to correlate this event with a KDC event.
	- Transited services indicate which intermediate services have participated in this logon request.
	- Package name indicates which sub-protocol was used among the NTLM protocols.
	- Key length indicates the length of the generated session key. This will be 0 if no session key was requested.","4624","3",,"0","12544","0","-9214364837600034816","703584","Microsoft-Windows-Security-Auditing","54849625-5478-4994-a5ba-3e3b0328c30d","Security","1120","1236","DESKTOP-P2LJSMT",,"27-12-2024 06:43:34","5eb8269d-3c6a-0002-4639-b85e6a3cdb01",,"Security","System.UInt32[]","System.Diagnostics.Eventing.Reader.EventBookmark","Information","Info","User Account Management","System.Collections.ObjectModel.ReadOnlyCollection`1[System.String]","System.Collections.Generic.List`1[System.Diagnostics.Eventing.Reader.EventProperty]"
"Credential Manager credentials were read.

Subject:
	Security ID:		S-1-5-21-3073522288-1489926022-2671101856-1001
	Account Name:		Taral
	Account Domain:		DESKTOP-P2LJSMT
	Logon ID:		0x96F7A
	Read Operation:		Enumerate Credentials

This event occurs when a user performs a read operation on stored credentials in Credential Manager.","5379","0",,"0","13824","0","-9214364837600034816","703583","Microsoft-Windows-Security-Auditing","54849625-5478-4994-a5ba-3e3b0328c30d","Security","1120","1236","DESKTOP-P2LJSMT",,"27-12-2024 06:43:34","5eb8269d-3c6a-0002-4639-b85e6a3cdb01",,"Security","System.UInt32[]","System.Diagnostics.Eventing.Reader.EventBookmark","Information","Info","User Account Management","System.Collections.ObjectModel.ReadOnlyCollection`1[System.String]","System.Collections.Generic.List`1[System.Diagnostics.Eventing.Reader.EventProperty]"
"Credential Manager credentials were read.

Subject:
	Security ID:		S-1-5-21-3073522288-1489926022-2671101856-1001
	Account Name:		Taral
	Account Domain:		DESKTOP-P2LJSMT
	Logon ID:		0x96F7A
	Read Operation:		Enumerate Credentials

This event occurs when a user performs a read operation on stored credentials in Credential Manager.","5379","0",,"0","13824","0","-9214364837600034816","703582","Microsoft-Windows-Security-Auditing","54849625-5478-4994-a5ba-3e3b0328c30d","Security","1120","11164","DESKTOP-P2LJSMT",,"27-12-2024 06:43:34","5eb8269d-3c6a-0002-4639-b85e6a3cdb01",,"Security","System.UInt32[]","System.Diagnostics.Eventing.Reader.EventBookmark","Information","Info","User Account Management","System.Collections.ObjectModel.ReadOnlyCollection`1[System.String]","System.Collections.Generic.List`1[System.Diagnostics.Eventing.Reader.EventProperty]"
"Credential Manager credentials were read.

Subject:
	Security ID:		S-1-5-21-3073522288-1489926022-2671101856-1001
	Account Name:		Taral
	Account Domain:		DESKTOP-P2LJSMT
	Logon ID:		0x96F7A
	Read Operation:		Enumerate Credentials

This event occurs when a user performs a read operation on stored credentials in Credential Manager.","5379","0",,"0","13824","0","-9214364837600034816","703581","Microsoft-Windows-Security-Auditing","54849625-5478-4994-a5ba-3e3b0328c30d","Security","1120","11164","DESKTOP-P2LJSMT",,"27-12-2024 06:43:34","5eb8269d-3c6a-0002-4639-b85e6a3cdb01",,"Security","System.UInt32[]","System.Diagnostics.Eventing.Reader.EventBookmark","Information","Info","User Account Management","System.Collections.ObjectModel.ReadOnlyCollection`1[System.String]","System.Collections.Generic.List`1[System.Diagnostics.Eventing.Reader.EventProperty]"
"Credential Manager credentials were read.

Subject:
	Security ID:		S-1-5-21-3073522288-1489926022-2671101856-1001
	Account Name:		Taral
	Account Domain:		DESKTOP-P2LJSMT
	Logon ID:		0x96F7A
	Read Operation:		Enumerate Credentials

This event occurs when a user performs a read operation on stored credentials in Credential Manager.","5379","0",,"0","13824","0","-9214364837600034816","703580","Microsoft-Windows-Security-Auditing","54849625-5478-4994-a5ba-3e3b0328c30d","Security","1120","11164","DESKTOP-P2LJSMT",,"27-12-2024 06:43:34","5eb8269d-3c6a-0002-4639-b85e6a3cdb01",,"Security","System.UInt32[]","System.Diagnostics.Eventing.Reader.EventBookmark","Information","Info","User Account Management","System.Collections.ObjectModel.ReadOnlyCollection`1[System.String]","System.Collections.Generic.List`1[System.Diagnostics.Eventing.Reader.EventProperty]"
